<!-- SPDX-License-Identifier: Apache-2.0 -->
 <!-- Taken and heavily adjusted from https://github.com/di/pyreadiness/blob/bdc04c33479af8ff89821dd30b4f17aeead248e4/templates/base.html -->

<!doctype html>
<html lang="en">
<head>
  <meta charset="utf-8">
  <meta name="viewport" content="width=device-width, initial-scale=1">
  <link href="https://cdn.jsdelivr.net/npm/bootstrap@5.3.3/dist/css/bootstrap.min.css" rel="stylesheet">
  <link rel="icon" href="/static/favicon.ico">
  <style>
    body{margin-top:15px;}
    a.btn, h1{text-align: center;}
    a.btn-last-child, canvas, body{margin-bottom:15px;}
    a.btn {border-bottom-width: 0; border-radius: 0; width: 100%}
    a.btn-first-child{border-top-left-radius: 5px; border-top-right-radius: 5px;}
    a.btn-last-child{border-bottom-width: 1px; border-bottom-left-radius: 5px; border-bottom-right-radius: 5px;}
    a.btn-default{color:#333; background-color:#fff; border-color:#ccc;}
    a.btn-default:hover,
    a.btn-default:focus,
    a.btn-default:active,
    a.btn-default.active,
    .open .dropdown-toggle.btn-default {
  color:#333;
  background-color:#ebebeb;
  border-color:#adadad
}
    a.btn-default:active,
    a.btn-default.active,
    .open .dropdown-toggle.btn-default {
  background-image:none
}
    pre {text-align: left;}
    footer{text-align: center;}
    .center-block {max-height: 450px}
    .hidden {display: none}
    @media (prefers-color-scheme: dark) {
      body {
        color: #ccc;
        background: black;
      }
      code {
        color: #ccc;
        background: #222;
      }
      .panel-info>.panel-heading {
        color: #d9edf7;
        background-color: #3a87ad;
        border-color: #0d7aba;
      }
      .btn-default {
        color: #ccc;
        background: black;
        border-color: #222;
      }
      .btn-default:hover,
      .btn-default:focus,
      .btn-default:active,
      .btn-default.active,
      .open.dropdown-toggle.btn-default {
        color: #ccc;
        background: #222;
        border-color: #333;
      }
    }
    .text-default {
      color: #777;
    }
  </style>
  
  <title>Python 3.14 failed to build breakdown</title>
</head>
<body>
  <div class="container mt-4">
    
<a href="/" class="btn btn-primary mb-3"> &lt&lt&lt Home</a>
<h2 class="mb-3">Packages that fail to build (ðŸ”´ + ðŸŸ )</h2>

<style>
    .max-width-column {
        max-width: 600px;
        overflow: hidden;
        text-overflow: ellipsis;
    }
</style>

<div class="container mt-4">
    <table class="table table-striped table-hover table-bordered">
        <thead class="table-dark">
            <tr>
                <th scope="col">Package name</th>
                <th scope="col">Build status</th>
                <th scope="col">Build attempts in Copr</th>
                <th scope="col" class="max-width-column">Bugzilla ticket (all open PYTHON3.14 and F43FTBFS)</th>
            </tr>
        </thead>
        <tbody>
        
            <tr id="row-Mayavi">
                <td>Mayavi</td>
                <td>ðŸ”´</td>
                <td>
                    <a href="https://copr.fedorainfracloud.org/coprs/g/python/python3.14/package/Mayavi/">
                        Copr - Mayavi
                    </a>
                </td>
                <td class="max-width-column">
                    
                    <a href="https://bugzilla.redhat.com/show_bug.cgi?id=2351390">Mayavi fails to build with Python 3.14: TestMayaviGarbageCollection.test_mlab_scene_model_with_gui: IndexError: list index out of range</a><br>
                    
                </td>
            </tr>
        
            <tr id="row-asv">
                <td>asv</td>
                <td>ðŸ”´</td>
                <td>
                    <a href="https://copr.fedorainfracloud.org/coprs/g/python/python3.14/package/asv/">
                        Copr - asv
                    </a>
                </td>
                <td class="max-width-column">
                    
                    <a href="https://bugzilla.redhat.com/show_bug.cgi?id=2367256">asv fails to build with Python 3.14: AttributeError: &#39;Constant&#39; object has no attribute &#39;s&#39;</a><br>
                    
                    <a href="https://bugzilla.redhat.com/show_bug.cgi?id=2339908">asv: FTBFS in Fedora rawhide/f42</a><br>
                    
                </td>
            </tr>
        
            <tr id="row-bandit">
                <td>bandit</td>
                <td>ðŸ”´</td>
                <td>
                    <a href="https://copr.fedorainfracloud.org/coprs/g/python/python3.14/package/bandit/">
                        Copr - bandit
                    </a>
                </td>
                <td class="max-width-column">
                    
                    <a href="https://bugzilla.redhat.com/show_bug.cgi?id=2351393">bandit fails to build with Python 3.14: TypeError: Error: Str is not a valid node type in AST</a><br>
                    
                </td>
            </tr>
        
            <tr id="row-binwalk">
                <td>binwalk</td>
                <td>ðŸ”´</td>
                <td>
                    <a href="https://copr.fedorainfracloud.org/coprs/g/python/python3.14/package/binwalk/">
                        Copr - binwalk
                    </a>
                </td>
                <td class="max-width-column">
                    
                    <a href="https://bugzilla.redhat.com/show_bug.cgi?id=2336914">binwalk fails to build with Python 3.14: TypeError: unsupported operand type(s) for +=: &#39;NoneType&#39; and &#39;int&#39;</a><br>
                    
                </td>
            </tr>
        
            <tr id="row-borgbackup">
                <td>borgbackup</td>
                <td>ðŸ”´</td>
                <td>
                    <a href="https://copr.fedorainfracloud.org/coprs/g/python/python3.14/package/borgbackup/">
                        Copr - borgbackup
                    </a>
                </td>
                <td class="max-width-column">
                    
                    <a href="https://bugzilla.redhat.com/show_bug.cgi?id=2326916">borgbackup fails to build with Python 3.14: OSError: AF_UNIX path too long when compiling</a><br>
                    
                </td>
            </tr>
        
            <tr id="row-buildstream">
                <td>buildstream</td>
                <td>ðŸ”´</td>
                <td>
                    <a href="https://copr.fedorainfracloud.org/coprs/g/python/python3.14/package/buildstream/">
                        Copr - buildstream
                    </a>
                </td>
                <td class="max-width-column">
                    
                    <a href="https://bugzilla.redhat.com/show_bug.cgi?id=2371687">F43FailsToInstall: buildstream</a><br>
                    
                </td>
            </tr>
        
            <tr id="row-cantera">
                <td>cantera</td>
                <td>ðŸ”´</td>
                <td>
                    <a href="https://copr.fedorainfracloud.org/coprs/g/python/python3.14/package/cantera/">
                        Copr - cantera
                    </a>
                </td>
                <td class="max-width-column">
                    
                    <a href="https://bugzilla.redhat.com/show_bug.cgi?id=2371689">F43FailsToInstall: python3-cantera</a><br>
                    
                </td>
            </tr>
        
            <tr id="row-chirp">
                <td>chirp</td>
                <td>ðŸ”´</td>
                <td>
                    <a href="https://copr.fedorainfracloud.org/coprs/g/python/python3.14/package/chirp/">
                        Copr - chirp
                    </a>
                </td>
                <td class="max-width-column">
                    
                    <a href="https://bugzilla.redhat.com/show_bug.cgi?id=2361634">chirp FTBFS in rawhide</a><br>
                    
                </td>
            </tr>
        
            <tr id="row-cjdns">
                <td>cjdns</td>
                <td>ðŸ”´</td>
                <td>
                    <a href="https://copr.fedorainfracloud.org/coprs/g/python/python3.14/package/cjdns/">
                        Copr - cjdns
                    </a>
                </td>
                <td class="max-width-column">
                    
                    <a href="https://bugzilla.redhat.com/show_bug.cgi?id=2339969">cjdns: FTBFS in Fedora rawhide/f42</a><br>
                    
                </td>
            </tr>
        
            <tr id="row-conda-build">
                <td>conda-build</td>
                <td>ðŸ”´</td>
                <td>
                    <a href="https://copr.fedorainfracloud.org/coprs/g/python/python3.14/package/conda-build/">
                        Copr - conda-build
                    </a>
                </td>
                <td class="max-width-column">
                    
                    <a href="https://bugzilla.redhat.com/show_bug.cgi?id=2356162">conda-build fails to build with Python 3.14: TypeError: _WorkItem.__init__() takes 3 positional arguments but 5 were given</a><br>
                    
                </td>
            </tr>
        
            <tr id="row-copr-backend">
                <td>copr-backend</td>
                <td>ðŸ”´</td>
                <td>
                    <a href="https://copr.fedorainfracloud.org/coprs/g/python/python3.14/package/copr-backend/">
                        Copr - copr-backend
                    </a>
                </td>
                <td class="max-width-column">
                    
                    <a href="https://bugzilla.redhat.com/show_bug.cgi?id=2351386">copr-backend fails to build with Python 3.14: TestActionWorkerManager.test_add_task_for_running_worker: TypeError: cannot pickle &#39;itertools.count&#39; object</a><br>
                    
                </td>
            </tr>
        
            <tr id="row-criu">
                <td>criu</td>
                <td>ðŸ”´</td>
                <td>
                    <a href="https://copr.fedorainfracloud.org/coprs/g/python/python3.14/package/criu/">
                        Copr - criu
                    </a>
                </td>
                <td class="max-width-column">
                    
                    <a href="https://bugzilla.redhat.com/show_bug.cgi?id=2365821">criu fails to build with Python 3.14: protobuf - TypeError: Metaclasses with custom tp_new are not supported.</a><br>
                    
                </td>
            </tr>
        
            <tr id="row-diceware">
                <td>diceware</td>
                <td>ðŸ”´</td>
                <td>
                    <a href="https://copr.fedorainfracloud.org/coprs/g/python/python3.14/package/diceware/">
                        Copr - diceware
                    </a>
                </td>
                <td class="max-width-column">
                    
                    <a href="https://bugzilla.redhat.com/show_bug.cgi?id=2340075">diceware: FTBFS in Fedora rawhide/f42</a><br>
                    
                    <a href="https://bugzilla.redhat.com/show_bug.cgi?id=2329832">diceware fails to build with sphinx 8.x: ERROR: Invalid value `None` in intersphinx_mapping[&#39;http://docs.python.org/&#39;].</a><br>
                    
                </td>
            </tr>
        
            <tr id="row-dlib">
                <td>dlib</td>
                <td>ðŸ”´</td>
                <td>
                    <a href="https://copr.fedorainfracloud.org/coprs/g/python/python3.14/package/dlib/">
                        Copr - dlib
                    </a>
                </td>
                <td class="max-width-column">
                    
                    <a href="https://bugzilla.redhat.com/show_bug.cgi?id=2366197">dlib fails to build with Python 3.14: AssertionError in tests checking refcounting</a><br>
                    
                </td>
            </tr>
        
            <tr id="row-git-filter-repo">
                <td>git-filter-repo</td>
                <td>ðŸ”´</td>
                <td>
                    <a href="https://copr.fedorainfracloud.org/coprs/g/python/python3.14/package/git-filter-repo/">
                        Copr - git-filter-repo
                    </a>
                </td>
                <td class="max-width-column">
                    
                    <a href="https://bugzilla.redhat.com/show_bug.cgi?id=2365637">git-filter-repo fails to build with Python 3.14: == t9394-filter-repo-sanity-checks-and-bigger-repo-setup.sh == --replace-text all options not ok</a><br>
                    
                </td>
            </tr>
        
            <tr id="row-httpie">
                <td>httpie</td>
                <td>ðŸ”´</td>
                <td>
                    <a href="https://copr.fedorainfracloud.org/coprs/g/python/python3.14/package/httpie/">
                        Copr - httpie
                    </a>
                </td>
                <td class="max-width-column">
                    
                    <a href="https://bugzilla.redhat.com/show_bug.cgi?id=2350335">httpie fails to build with Python 3.14: test_lazy_choices_help: AssertionError: Expected &#39;getter&#39; to not have been called. Called 1 times.</a><br>
                    
                </td>
            </tr>
        
            <tr id="row-kurchu">
                <td>kurchu</td>
                <td>ðŸ”´</td>
                <td>
                    <a href="https://copr.fedorainfracloud.org/coprs/g/python/python3.14/package/kurchu/">
                        Copr - kurchu
                    </a>
                </td>
                <td class="max-width-column">
                    
                    <a href="https://bugzilla.redhat.com/show_bug.cgi?id=2371734">F43FailsToInstall: kurchu</a><br>
                    
                </td>
            </tr>
        
            <tr id="row-libpeas">
                <td>libpeas</td>
                <td>ðŸ”´</td>
                <td>
                    <a href="https://copr.fedorainfracloud.org/coprs/g/python/python3.14/package/libpeas/">
                        Copr - libpeas
                    </a>
                </td>
                <td class="max-width-column">
                    
                    <a href="https://bugzilla.redhat.com/show_bug.cgi?id=2366247">libpeas fails to build with Python 3.14: test-extension-py  TIMEOUT</a><br>
                    
                </td>
            </tr>
        
            <tr id="row-libunity">
                <td>libunity</td>
                <td>ðŸ”´</td>
                <td>
                    <a href="https://copr.fedorainfracloud.org/coprs/g/python/python3.14/package/libunity/">
                        Copr - libunity
                    </a>
                </td>
                <td class="max-width-column">
                    
                    <a href="https://bugzilla.redhat.com/show_bug.cgi?id=2368739">libunity: FTBFS in Fedora Rawhide (probably since gettext 0.25)</a><br>
                    
                </td>
            </tr>
        
            <tr id="row-linode-cli">
                <td>linode-cli</td>
                <td>ðŸ”´</td>
                <td>
                    <a href="https://copr.fedorainfracloud.org/coprs/g/python/python3.14/package/linode-cli/">
                        Copr - linode-cli
                    </a>
                </td>
                <td class="max-width-column">
                    
                    <a href="https://bugzilla.redhat.com/show_bug.cgi?id=2368974">linode-cli fails to build with Python 3.14: The current dist-git state is unbuildable</a><br>
                    
                    <a href="https://bugzilla.redhat.com/show_bug.cgi?id=2340775">linode-cli: FTBFS in Fedora rawhide/f42</a><br>
                    
                </td>
            </tr>
        
            <tr id="row-monkeytype">
                <td>monkeytype</td>
                <td>ðŸ”´</td>
                <td>
                    <a href="https://copr.fedorainfracloud.org/coprs/g/python/python3.14/package/monkeytype/">
                        Copr - monkeytype
                    </a>
                </td>
                <td class="max-width-column">
                    
                    <a href="https://bugzilla.redhat.com/show_bug.cgi?id=2356179">monkeytype fails to build with Python 3.14: typing.Union changed with Python 3.14.0a6</a><br>
                    
                </td>
            </tr>
        
            <tr id="row-mopidy">
                <td>mopidy</td>
                <td>ðŸ”´</td>
                <td>
                    <a href="https://copr.fedorainfracloud.org/coprs/g/python/python3.14/package/mopidy/">
                        Copr - mopidy
                    </a>
                </td>
                <td class="max-width-column">
                    
                    <a href="https://bugzilla.redhat.com/show_bug.cgi?id=2367738">mopidy fails to build with Python 3.14:  RuntimeError: unable to get value</a><br>
                    
                </td>
            </tr>
        
            <tr id="row-ocrmypdf">
                <td>ocrmypdf</td>
                <td>ðŸ”´</td>
                <td>
                    <a href="https://copr.fedorainfracloud.org/coprs/g/python/python3.14/package/ocrmypdf/">
                        Copr - ocrmypdf
                    </a>
                </td>
                <td class="max-width-column">
                    
                    <a href="https://bugzilla.redhat.com/show_bug.cgi?id=2357508">ocrmypdf fails to build with Python 3.14: multiprocessing.Process now starts with forkserver method instead of fork, causing pickling error</a><br>
                    
                </td>
            </tr>
        
            <tr id="row-opencv">
                <td>opencv</td>
                <td>ðŸ”´</td>
                <td>
                    <a href="https://copr.fedorainfracloud.org/coprs/g/python/python3.14/package/opencv/">
                        Copr - opencv
                    </a>
                </td>
                <td class="max-width-column">
                    
                    <a href="https://bugzilla.redhat.com/show_bug.cgi?id=2368529">opencv fails to build with Python 3.14: a failure in the %build phase</a><br>
                    
                </td>
            </tr>
        
            <tr id="row-patool">
                <td>patool</td>
                <td>ðŸ”´</td>
                <td>
                    <a href="https://copr.fedorainfracloud.org/coprs/g/python/python3.14/package/patool/">
                        Copr - patool
                    </a>
                </td>
                <td class="max-width-column">
                    
                    <a href="https://bugzilla.redhat.com/show_bug.cgi?id=2366470">patool fails to build with Python 3.14: Codec Load Error: /usr/bin/7z.so : errno=25 : Inappropriate ioctl for device</a><br>
                    
                </td>
            </tr>
        
            <tr id="row-pcp">
                <td>pcp</td>
                <td>ðŸ”´</td>
                <td>
                    <a href="https://copr.fedorainfracloud.org/coprs/g/python/python3.14/package/pcp/">
                        Copr - pcp
                    </a>
                </td>
                <td class="max-width-column">
                    
                    <a href="https://bugzilla.redhat.com/show_bug.cgi?id=2371769">F43FailsToInstall: python3-pcp</a><br>
                    
                </td>
            </tr>
        
            <tr id="row-pcs">
                <td>pcs</td>
                <td>ðŸ”´</td>
                <td>
                    <a href="https://copr.fedorainfracloud.org/coprs/g/python/python3.14/package/pcs/">
                        Copr - pcs
                    </a>
                </td>
                <td class="max-width-column">
                    
                    <a href="https://bugzilla.redhat.com/show_bug.cgi?id=2371770">F43FailsToInstall: pcs, pcs-web-ui</a><br>
                    
                </td>
            </tr>
        
            <tr id="row-petsc">
                <td>petsc</td>
                <td>ðŸ”´</td>
                <td>
                    <a href="https://copr.fedorainfracloud.org/coprs/g/python/python3.14/package/petsc/">
                        Copr - petsc
                    </a>
                </td>
                <td class="max-width-column">
                    
                    <a href="https://bugzilla.redhat.com/show_bug.cgi?id=2359524">petsc fails to build with Python 3.14: AssertionError: 2 != 3 self.assertEqual(getrefcount(ctx), 3)</a><br>
                    
                </td>
            </tr>
        
            <tr id="row-pychess">
                <td>pychess</td>
                <td>ðŸ”´</td>
                <td>
                    <a href="https://copr.fedorainfracloud.org/coprs/g/python/python3.14/package/pychess/">
                        Copr - pychess
                    </a>
                </td>
                <td class="max-width-column">
                    
                    <a href="https://bugzilla.redhat.com/show_bug.cgi?id=2328708">pychess fails to build with Python 3.14: RuntimeError: There is no current event loop in thread &#39;MainThread&#39;.</a><br>
                    
                </td>
            </tr>
        
            <tr id="row-pylibacl">
                <td>pylibacl</td>
                <td>ðŸ”´</td>
                <td>
                    <a href="https://copr.fedorainfracloud.org/coprs/g/python/python3.14/package/pylibacl/">
                        Copr - pylibacl
                    </a>
                </td>
                <td class="max-width-column">
                    
                    <a href="https://bugzilla.redhat.com/show_bug.cgi?id=2359502">pylibacl fails to build with Python 3.14: tests/test_acls.py::TestModification: Failed: Wrong reference count, expected 2-1024 and got 1</a><br>
                    
                </td>
            </tr>
        
            <tr id="row-pylint">
                <td>pylint</td>
                <td>ðŸ”´</td>
                <td>
                    <a href="https://copr.fedorainfracloud.org/coprs/g/python/python3.14/package/pylint/">
                        Copr - pylint
                    </a>
                </td>
                <td class="max-width-column">
                    
                    <a href="https://bugzilla.redhat.com/show_bug.cgi?id=2368703">pylint fails to build with Python 3.14: AssertionError tests/test_functional.py::test_functional</a><br>
                    
                </td>
            </tr>
        
            <tr id="row-pyserial-asyncio">
                <td>pyserial-asyncio</td>
                <td>ðŸ”´</td>
                <td>
                    <a href="https://copr.fedorainfracloud.org/coprs/g/python/python3.14/package/pyserial-asyncio/">
                        Copr - pyserial-asyncio
                    </a>
                </td>
                <td class="max-width-column">
                    
                    <a href="https://bugzilla.redhat.com/show_bug.cgi?id=2327980">pyserial-asyncio fails to build with Python 3.14: RuntimeError: There is no current event loop in thread &#39;MainThread&#39;.</a><br>
                    
                </td>
            </tr>
        
            <tr id="row-pysubnettree">
                <td>pysubnettree</td>
                <td>ðŸ”´</td>
                <td>
                    <a href="https://copr.fedorainfracloud.org/coprs/g/python/python3.14/package/pysubnettree/">
                        Copr - pysubnettree
                    </a>
                </td>
                <td class="max-width-column">
                    
                    <a href="https://bugzilla.redhat.com/show_bug.cgi?id=2366464">pysubnettree fails to build with Python 3.14/Fedora Rawhide: error: too many arguments to function â€˜funcâ€™; expected 0, have 1</a><br>
                    
                    <a href="https://bugzilla.redhat.com/show_bug.cgi?id=2341123">pysubnettree: FTBFS in Fedora rawhide/f42</a><br>
                    
                </td>
            </tr>
        
            <tr id="row-python-Mastodon">
                <td>python-Mastodon</td>
                <td>ðŸ”´</td>
                <td>
                    <a href="https://copr.fedorainfracloud.org/coprs/g/python/python3.14/package/python-Mastodon/">
                        Copr - python-Mastodon
                    </a>
                </td>
                <td class="max-width-column">
                    
                    <a href="https://bugzilla.redhat.com/show_bug.cgi?id=2369422">python-Mastodon fails to build with Python 3.14: ValueError: Unknown type &lt;something&gt; | None</a><br>
                    
                </td>
            </tr>
        
            <tr id="row-python-TestSlide">
                <td>python-TestSlide</td>
                <td>ðŸ”´</td>
                <td>
                    <a href="https://copr.fedorainfracloud.org/coprs/g/python/python3.14/package/python-TestSlide/">
                        Copr - python-TestSlide
                    </a>
                </td>
                <td class="max-width-column">
                    
                    <a href="https://bugzilla.redhat.com/show_bug.cgi?id=2371789">F43FailsToInstall: python3-testslide</a><br>
                    
                    <a href="https://bugzilla.redhat.com/show_bug.cgi?id=2350306">Heads-up: python-TestSlide fails to build with python-pygments 2.19.1 on Fedora 43</a><br>
                    
                    <a href="https://bugzilla.redhat.com/show_bug.cgi?id=2343971">python-TestSlide fails to build with Python 3.14: ERROR collecting tests/mock_callable_testslide.py: RuntimeError: dictionary changed size during iteration</a><br>
                    
                </td>
            </tr>
        
            <tr id="row-python-aiokafka">
                <td>python-aiokafka</td>
                <td>ðŸ”´</td>
                <td>
                    <a href="https://copr.fedorainfracloud.org/coprs/g/python/python3.14/package/python-aiokafka/">
                        Copr - python-aiokafka
                    </a>
                </td>
                <td class="max-width-column">
                    
                    <a href="https://bugzilla.redhat.com/show_bug.cgi?id=2346517">python-aiokafka fails to build with Python 3.14: DeprecationWarning: &#39;asyncio.get_event_loop_policy&#39; is deprecated and slated for removal in Python 3.16</a><br>
                    
                </td>
            </tr>
        
            <tr id="row-python-ansible-runner">
                <td>python-ansible-runner</td>
                <td>ðŸ”´</td>
                <td>
                    <a href="https://copr.fedorainfracloud.org/coprs/g/python/python3.14/package/python-ansible-runner/">
                        Copr - python-ansible-runner
                    </a>
                </td>
                <td class="max-width-column">
                    
                    <a href="https://bugzilla.redhat.com/show_bug.cgi?id=2371793">F43FailsToInstall: python3-ansible-runner</a><br>
                    
                </td>
            </tr>
        
            <tr id="row-python-astdoc">
                <td>python-astdoc</td>
                <td>ðŸ”´</td>
                <td>
                    <a href="https://copr.fedorainfracloud.org/coprs/g/python/python3.14/package/python-astdoc/">
                        Copr - python-astdoc
                    </a>
                </td>
                <td class="max-width-column">
                    
                    <a href="https://bugzilla.redhat.com/show_bug.cgi?id=2349452">python-astdoc fails to build with Python 3.14: 3 doctests fail, e.g.: Expected: &lt;ast.Name object at 0x...&gt; Got: Name(id=&#39;int&#39;, ctx=Load())</a><br>
                    
                </td>
            </tr>
        
            <tr id="row-python-avocado">
                <td>python-avocado</td>
                <td>ðŸ”´</td>
                <td>
                    <a href="https://copr.fedorainfracloud.org/coprs/g/python/python3.14/package/python-avocado/">
                        Copr - python-avocado
                    </a>
                </td>
                <td class="max-width-column">
                    
                    <a href="https://bugzilla.redhat.com/show_bug.cgi?id=2341130">python-avocado: FTBFS in Fedora rawhide/f42</a><br>
                    
                    <a href="https://bugzilla.redhat.com/show_bug.cgi?id=2325218">python-avocado fails to build with Python 3.14: Error running method &#34;pre_tests&#34; of plugin &#34;fetchasset&#34;: module &#39;ast&#39; has no attribute &#39;Str&#39; + Avocado crashed: TypeError: cannot pickle &#39;_thread.RLock&#39; object</a><br>
                    
                </td>
            </tr>
        
            <tr id="row-python-awesomeversion">
                <td>python-awesomeversion</td>
                <td>ðŸ”´</td>
                <td>
                    <a href="https://copr.fedorainfracloud.org/coprs/g/python/python3.14/package/python-awesomeversion/">
                        Copr - python-awesomeversion
                    </a>
                </td>
                <td class="max-width-column">
                    
                    <a href="https://bugzilla.redhat.com/show_bug.cgi?id=2366476">python-awesomeversion fails to build in Fedora Rawhide: rm: cannot remove &#39;/builddir/build/BUILD/python-awesomeversion-22.9.0-build/BUILDROOT//usr/lib/python3.14/site-packages/LICENCE.md&#39;: No such file or directory</a><br>
                    
                </td>
            </tr>
        
            <tr id="row-python-aws-sam-translator">
                <td>python-aws-sam-translator</td>
                <td>ðŸ”´</td>
                <td>
                    <a href="https://copr.fedorainfracloud.org/coprs/g/python/python3.14/package/python-aws-sam-translator/">
                        Copr - python-aws-sam-translator
                    </a>
                </td>
                <td class="max-width-column">
                    
                    <a href="https://bugzilla.redhat.com/show_bug.cgi?id=2353126">python-aws-sam-translator fails to build with Python 3.14: 77 test failures, 4 error</a><br>
                    
                </td>
            </tr>
        
            <tr id="row-python-beancount">
                <td>python-beancount</td>
                <td>ðŸ”´</td>
                <td>
                    <a href="https://copr.fedorainfracloud.org/coprs/g/python/python3.14/package/python-beancount/">
                        Copr - python-beancount
                    </a>
                </td>
                <td class="max-width-column">
                    
                    <a href="https://bugzilla.redhat.com/show_bug.cgi?id=2359530">python-beancount fails to build with Python 3.14: TestReferenceCounting and TestLexer fail with AssertionError</a><br>
                    
                </td>
            </tr>
        
            <tr id="row-python-beartype">
                <td>python-beartype</td>
                <td>ðŸ”´</td>
                <td>
                    <a href="https://copr.fedorainfracloud.org/coprs/g/python/python3.14/package/python-beartype/">
                        Copr - python-beartype
                    </a>
                </td>
                <td class="max-width-column">
                    
                    <a href="https://bugzilla.redhat.com/show_bug.cgi?id=2341131">python-beartype: FTBFS in Fedora rawhide/f42</a><br>
                    
                    <a href="https://bugzilla.redhat.com/show_bug.cgi?id=2322721">python-beartype fails to build with Python 3.14: ImportError: cannot import name &#39;ByteString&#39; from &#39;typing&#39;</a><br>
                    
                </td>
            </tr>
        
            <tr id="row-python-billiard">
                <td>python-billiard</td>
                <td>ðŸ”´</td>
                <td>
                    <a href="https://copr.fedorainfracloud.org/coprs/g/python/python3.14/package/python-billiard/">
                        Copr - python-billiard
                    </a>
                </td>
                <td class="max-width-column">
                    
                    <a href="https://bugzilla.redhat.com/show_bug.cgi?id=2323167">python-billiard fails to build with Python 3.14: AttributeError: module &#39;subprocess&#39; has no attribute &#39;_USE_VFORK&#39;</a><br>
                    
                </td>
            </tr>
        
            <tr id="row-python-capturer">
                <td>python-capturer</td>
                <td>ðŸ”´</td>
                <td>
                    <a href="https://copr.fedorainfracloud.org/coprs/g/python/python3.14/package/python-capturer/">
                        Copr - python-capturer
                    </a>
                </td>
                <td class="max-width-column">
                    
                    <a href="https://bugzilla.redhat.com/show_bug.cgi?id=2328004">python-capturer fails to build with Python 3.14: OSError: [Errno 29] Illegal seek</a><br>
                    
                </td>
            </tr>
        
            <tr id="row-python-catkin_tools">
                <td>python-catkin_tools</td>
                <td>ðŸ”´</td>
                <td>
                    <a href="https://copr.fedorainfracloud.org/coprs/g/python/python3.14/package/python-catkin_tools/">
                        Copr - python-catkin_tools
                    </a>
                </td>
                <td class="max-width-column">
                    
                    <a href="https://bugzilla.redhat.com/show_bug.cgi?id=2341134">python-catkin_tools: FTBFS in Fedora rawhide/f42</a><br>
                    
                    <a href="https://bugzilla.redhat.com/show_bug.cgi?id=2329848">python-catkin_tools fails to build with sphinx 8.x:  ERROR: Invalid value `None` in intersphinx_mapping[&#39;http://docs.python.org/&#39;].</a><br>
                    
                </td>
            </tr>
        
            <tr id="row-python-cerberus">
                <td>python-cerberus</td>
                <td>ðŸ”´</td>
                <td>
                    <a href="https://copr.fedorainfracloud.org/coprs/g/python/python3.14/package/python-cerberus/">
                        Copr - python-cerberus
                    </a>
                </td>
                <td class="max-width-column">
                    
                    <a href="https://bugzilla.redhat.com/show_bug.cgi?id=2366466">python-cerberus fails to build in Fedora Rawhide:  File not found: /builddir/build/BUILD/python-cerberus-1.3.4-build/BUILDROOT/usr/lib/python3.14/site-packages/Cerberus-1.3.4.dist-info</a><br>
                    
                </td>
            </tr>
        
            <tr id="row-python-chalice">
                <td>python-chalice</td>
                <td>ðŸ”´</td>
                <td>
                    <a href="https://copr.fedorainfracloud.org/coprs/g/python/python3.14/package/python-chalice/">
                        Copr - python-chalice
                    </a>
                </td>
                <td class="max-width-column">
                    
                    <a href="https://bugzilla.redhat.com/show_bug.cgi?id=2342568">python-chalice fails to build with Python 3.14: AttributeError: module &#39;ast&#39; has no attribute &#39;Str&#39;</a><br>
                    
                </td>
            </tr>
        
            <tr id="row-python-colcon-meson">
                <td>python-colcon-meson</td>
                <td>ðŸ”´</td>
                <td>
                    <a href="https://copr.fedorainfracloud.org/coprs/g/python/python3.14/package/python-colcon-meson/">
                        Copr - python-colcon-meson
                    </a>
                </td>
                <td class="max-width-column">
                    
                    <a href="https://bugzilla.redhat.com/show_bug.cgi?id=2368744">python-colcon-meson fails to build with Python 3.14: test_capital_case: TypeError: InterpreterBase.__init__() missing 2 required positional arguments: &#39;subproject_dir&#39; and &#39;env&#39;</a><br>
                    
                </td>
            </tr>
        
            <tr id="row-python-colcon-parallel-executor">
                <td>python-colcon-parallel-executor</td>
                <td>ðŸ”´</td>
                <td>
                    <a href="https://copr.fedorainfracloud.org/coprs/g/python/python3.14/package/python-colcon-parallel-executor/">
                        Copr - python-colcon-parallel-executor
                    </a>
                </td>
                <td class="max-width-column">
                    
                    <a href="https://bugzilla.redhat.com/show_bug.cgi?id=2325186">python-colcon-parallel-executor fails to build with Python 3.14: test_parallel: AssertionError: DeprecationWarning: &#39;asyncio.iscoroutinefunction&#39; is deprecated and slated for removal in Python 3.16; use inspect.iscoroutinefunction() instead</a><br>
                    
                </td>
            </tr>
        
            <tr id="row-python-colorful">
                <td>python-colorful</td>
                <td>ðŸ”´</td>
                <td>
                    <a href="https://copr.fedorainfracloud.org/coprs/g/python/python3.14/package/python-colorful/">
                        Copr - python-colorful
                    </a>
                </td>
                <td class="max-width-column">
                    
                    <a href="https://bugzilla.redhat.com/show_bug.cgi?id=2325168">python-colorful fails to build with Python 3.14: ast.Constant.s has been removed from Python 3.14</a><br>
                    
                </td>
            </tr>
        
            <tr id="row-python-confuse">
                <td>python-confuse</td>
                <td>ðŸ”´</td>
                <td>
                    <a href="https://copr.fedorainfracloud.org/coprs/g/python/python3.14/package/python-confuse/">
                        Copr - python-confuse
                    </a>
                </td>
                <td class="max-width-column">
                    
                    <a href="https://bugzilla.redhat.com/show_bug.cgi?id=2327966">python-confuse fails to build with Python 3.14: AttributeError: module &#39;pkgutil&#39; has no attribute &#39;get_loader&#39;</a><br>
                    
                </td>
            </tr>
        
            <tr id="row-python-crcmod">
                <td>python-crcmod</td>
                <td>ðŸ”´</td>
                <td>
                    <a href="https://copr.fedorainfracloud.org/coprs/g/python/python3.14/package/python-crcmod/">
                        Copr - python-crcmod
                    </a>
                </td>
                <td class="max-width-column">
                    
                    <a href="https://bugzilla.redhat.com/show_bug.cgi?id=2329852">python-crcmod fails to build with sphinx 8.x: ERROR: Invalid value `None` in intersphinx_mapping[&#39;/usr/share/doc/python3-docs/html/&#39;].</a><br>
                    
                </td>
            </tr>
        
            <tr id="row-python-crick">
                <td>python-crick</td>
                <td>ðŸ”´</td>
                <td>
                    <a href="https://copr.fedorainfracloud.org/coprs/g/python/python3.14/package/python-crick/">
                        Copr - python-crick
                    </a>
                </td>
                <td class="max-width-column">
                    
                    <a href="https://bugzilla.redhat.com/show_bug.cgi?id=2367454">python-crick fails to build with Python 3.14: crick/tests/test_space_saving.py::test_merge_algorithm[s111-s211] Fatal Python error: Segmentation fault</a><br>
                    
                </td>
            </tr>
        
            <tr id="row-python-dataclassy">
                <td>python-dataclassy</td>
                <td>ðŸ”´</td>
                <td>
                    <a href="https://copr.fedorainfracloud.org/coprs/g/python/python3.14/package/python-dataclassy/">
                        Copr - python-dataclassy
                    </a>
                </td>
                <td class="max-width-column">
                    
                    <a href="https://bugzilla.redhat.com/show_bug.cgi?id=2325200">python-dataclassy fails to build with Python 3.14: TypeError: Beta() takes no arguments</a><br>
                    
                </td>
            </tr>
        
            <tr id="row-python-diff-cover">
                <td>python-diff-cover</td>
                <td>ðŸ”´</td>
                <td>
                    <a href="https://copr.fedorainfracloud.org/coprs/g/python/python3.14/package/python-diff-cover/">
                        Copr - python-diff-cover
                    </a>
                </td>
                <td class="max-width-column">
                    
                    <a href="https://bugzilla.redhat.com/show_bug.cgi?id=2350299">Heads-up: python-diff-cover fails to build with python-pygments 2.19.1 on Fedora 43</a><br>
                    
                </td>
            </tr>
        
            <tr id="row-python-django-configurations">
                <td>python-django-configurations</td>
                <td>ðŸ”´</td>
                <td>
                    <a href="https://copr.fedorainfracloud.org/coprs/g/python/python3.14/package/python-django-configurations/">
                        Copr - python-django-configurations
                    </a>
                </td>
                <td class="max-width-column">
                    
                    <a href="https://bugzilla.redhat.com/show_bug.cgi?id=2366494">python-django-configurations fails to build with Python 3.14: ValueTests.test_cache_url_value: AssertionError:</a><br>
                    
                </td>
            </tr>
        
            <tr id="row-python-django-contrib-comments">
                <td>python-django-contrib-comments</td>
                <td>ðŸ”´</td>
                <td>
                    <a href="https://copr.fedorainfracloud.org/coprs/g/python/python3.14/package/python-django-contrib-comments/">
                        Copr - python-django-contrib-comments
                    </a>
                </td>
                <td class="max-width-column">
                    
                    <a href="https://bugzilla.redhat.com/show_bug.cgi?id=2366520">python-django-contrib-comments fails to build with Python 3.14: ImportError: Module &#34;django.contrib.auth.hashers&#34; does not define a &#34;UnsaltedMD5PasswordHasher&#34; attribute/class</a><br>
                    
                </td>
            </tr>
        
            <tr id="row-python-django-filter">
                <td>python-django-filter</td>
                <td>ðŸ”´</td>
                <td>
                    <a href="https://copr.fedorainfracloud.org/coprs/g/python/python3.14/package/python-django-filter/">
                        Copr - python-django-filter
                    </a>
                </td>
                <td class="max-width-column">
                    
                    <a href="https://bugzilla.redhat.com/show_bug.cgi?id=2336944">python-django-filter fails to build with Python 3.14: AttributeError: module &#39;pkgutil&#39; has no attribute &#39;find_loader&#39;</a><br>
                    
                </td>
            </tr>
        
            <tr id="row-python-earthpy">
                <td>python-earthpy</td>
                <td>ðŸ”´</td>
                <td>
                    <a href="https://copr.fedorainfracloud.org/coprs/g/python/python3.14/package/python-earthpy/">
                        Copr - python-earthpy
                    </a>
                </td>
                <td class="max-width-column">
                    
                    <a href="https://bugzilla.redhat.com/show_bug.cgi?id=2371875">F43FailsToInstall: python3-earthpy</a><br>
                    
                    <a href="https://bugzilla.redhat.com/show_bug.cgi?id=2341146">python-earthpy: FTBFS in Fedora rawhide/f42</a><br>
                    
                </td>
            </tr>
        
            <tr id="row-python-fiat">
                <td>python-fiat</td>
                <td>ðŸ”´</td>
                <td>
                    <a href="https://copr.fedorainfracloud.org/coprs/g/python/python3.14/package/python-fiat/">
                        Copr - python-fiat
                    </a>
                </td>
                <td class="max-width-column">
                    
                    <a href="https://bugzilla.redhat.com/show_bug.cgi?id=2371903">F43FailsToInstall: python3-fiat</a><br>
                    
                </td>
            </tr>
        
            <tr id="row-python-flake8-comprehensions">
                <td>python-flake8-comprehensions</td>
                <td>ðŸ”´</td>
                <td>
                    <a href="https://copr.fedorainfracloud.org/coprs/g/python/python3.14/package/python-flake8-comprehensions/">
                        Copr - python-flake8-comprehensions
                    </a>
                </td>
                <td class="max-width-column">
                    
                    <a href="https://bugzilla.redhat.com/show_bug.cgi?id=2351385">python-flake8-comprehensions fails to build with Python 3.14: Unnecessary reversed call around sorted() in 10 tests</a><br>
                    
                </td>
            </tr>
        
            <tr id="row-python-fsleyes-widgets">
                <td>python-fsleyes-widgets</td>
                <td>ðŸ”´</td>
                <td>
                    <a href="https://copr.fedorainfracloud.org/coprs/g/python/python3.14/package/python-fsleyes-widgets/">
                        Copr - python-fsleyes-widgets
                    </a>
                </td>
                <td class="max-width-column">
                    
                    <a href="https://bugzilla.redhat.com/show_bug.cgi?id=2336911">python-fsleyes-widgets fails to build with Python 3.14: AssertionError: assert &#39;file:/home/b...htmlfile.html&#39; == &#39;file:///home...htmlfile.html&#39;</a><br>
                    
                </td>
            </tr>
        
            <tr id="row-python-gphoto2">
                <td>python-gphoto2</td>
                <td>ðŸ”´</td>
                <td>
                    <a href="https://copr.fedorainfracloud.org/coprs/g/python/python3.14/package/python-gphoto2/">
                        Copr - python-gphoto2
                    </a>
                </td>
                <td class="max-width-column">
                    
                    <a href="https://bugzilla.redhat.com/show_bug.cgi?id=2366465">python-gphoto2 fails to build with Python 3.14: ModuleNotFoundError: No module named &#39;distutils.command.upload&#39;</a><br>
                    
                    <a href="https://bugzilla.redhat.com/show_bug.cgi?id=2341158">python-gphoto2: FTBFS in Fedora rawhide/f42</a><br>
                    
                </td>
            </tr>
        
            <tr id="row-python-howdoi">
                <td>python-howdoi</td>
                <td>ðŸ”´</td>
                <td>
                    <a href="https://copr.fedorainfracloud.org/coprs/g/python/python3.14/package/python-howdoi/">
                        Copr - python-howdoi
                    </a>
                </td>
                <td class="max-width-column">
                    
                    <a href="https://bugzilla.redhat.com/show_bug.cgi?id=2342558">python-howdoi fails to build with Python 3.14: AssertionError: &#39;ERROR: Unable to reach google. Do you need to use a proxy? + json.decoder.JSONDecodeError</a><br>
                    
                </td>
            </tr>
        
            <tr id="row-python-invoke">
                <td>python-invoke</td>
                <td>ðŸ”´</td>
                <td>
                    <a href="https://copr.fedorainfracloud.org/coprs/g/python/python3.14/package/python-invoke/">
                        Copr - python-invoke
                    </a>
                </td>
                <td class="max-width-column">
                    
                    <a href="https://bugzilla.redhat.com/show_bug.cgi?id=2365652">python-invoke fails to build with Python 3.14: SystemError: buffer overflow in 16 tests</a><br>
                    
                </td>
            </tr>
        
            <tr id="row-python-ipfshttpclient">
                <td>python-ipfshttpclient</td>
                <td>ðŸ”´</td>
                <td>
                    <a href="https://copr.fedorainfracloud.org/coprs/g/python/python3.14/package/python-ipfshttpclient/">
                        Copr - python-ipfshttpclient
                    </a>
                </td>
                <td class="max-width-column">
                    
                    <a href="https://bugzilla.redhat.com/show_bug.cgi?id=2368589">python-ipfshttpclient fails to build with Python 3.14: AssertionError: assert [&#39;(?![.])(?s:literal)\\z&#39;] == [&#39;(?![.])(?s:literal)\\Z&#39;]</a><br>
                    
                </td>
            </tr>
        
            <tr id="row-python-janus">
                <td>python-janus</td>
                <td>ðŸ”´</td>
                <td>
                    <a href="https://copr.fedorainfracloud.org/coprs/g/python/python3.14/package/python-janus/">
                        Copr - python-janus
                    </a>
                </td>
                <td class="max-width-column">
                    
                    <a href="https://bugzilla.redhat.com/show_bug.cgi?id=2371953">F43FailsToInstall: python3-janus</a><br>
                    
                </td>
            </tr>
        
            <tr id="row-python-josepy">
                <td>python-josepy</td>
                <td>ðŸ”´</td>
                <td>
                    <a href="https://copr.fedorainfracloud.org/coprs/g/python/python3.14/package/python-josepy/">
                        Copr - python-josepy
                    </a>
                </td>
                <td class="max-width-column">
                    
                    <a href="https://bugzilla.redhat.com/show_bug.cgi?id=2359514">python-josepy fails to build with Python 3.14: ValueError: Field `alg` in JSONObject `Header` has no type annotation.</a><br>
                    
                </td>
            </tr>
        
            <tr id="row-python-markups">
                <td>python-markups</td>
                <td>ðŸ”´</td>
                <td>
                    <a href="https://copr.fedorainfracloud.org/coprs/g/python/python3.14/package/python-markups/">
                        Copr - python-markups
                    </a>
                </td>
                <td class="max-width-column">
                    
                    <a href="https://bugzilla.redhat.com/show_bug.cgi?id=2366489">python-markups fails to build with Python 3.14: AssertionError in test_get_pygments_stylesheet</a><br>
                    
                </td>
            </tr>
        
            <tr id="row-python-neatdend">
                <td>python-neatdend</td>
                <td>ðŸ”´</td>
                <td>
                    <a href="https://copr.fedorainfracloud.org/coprs/g/python/python3.14/package/python-neatdend/">
                        Copr - python-neatdend
                    </a>
                </td>
                <td class="max-width-column">
                    
                    <a href="https://bugzilla.redhat.com/show_bug.cgi?id=2341170">python-neatdend: FTBFS in Fedora rawhide/f42</a><br>
                    
                </td>
            </tr>
        
            <tr id="row-python-niaarmts">
                <td>python-niaarmts</td>
                <td>ðŸ”´</td>
                <td>
                    <a href="https://copr.fedorainfracloud.org/coprs/g/python/python3.14/package/python-niaarmts/">
                        Copr - python-niaarmts
                    </a>
                </td>
                <td class="max-width-column">
                    
                    <a href="https://bugzilla.redhat.com/show_bug.cgi?id=2369421">python-niaarmts fails to build with Python 3.14: ERROR: Package &#39;niaarmts&#39; requires a different Python: 3.14.0 not in &#39;&lt;3.14,&gt;=3.11&#39;</a><br>
                    
                </td>
            </tr>
        
            <tr id="row-python-octave-kernel">
                <td>python-octave-kernel</td>
                <td>ðŸ”´</td>
                <td>
                    <a href="https://copr.fedorainfracloud.org/coprs/g/python/python3.14/package/python-octave-kernel/">
                        Copr - python-octave-kernel
                    </a>
                </td>
                <td class="max-width-column">
                    
                    <a href="https://bugzilla.redhat.com/show_bug.cgi?id=2341176">python-octave-kernel: FTBFS in Fedora rawhide/f42</a><br>
                    
                </td>
            </tr>
        
            <tr id="row-python-openapi-core">
                <td>python-openapi-core</td>
                <td>ðŸ”´</td>
                <td>
                    <a href="https://copr.fedorainfracloud.org/coprs/g/python/python3.14/package/python-openapi-core/">
                        Copr - python-openapi-core
                    </a>
                </td>
                <td class="max-width-column">
                    
                    <a href="https://bugzilla.redhat.com/show_bug.cgi?id=2372014">F43FailsToInstall: python3-openapi-core+aiohttp, python3-openapi-core+django, python3-openapi-core+falcon, python3-openapi-core+fastapi, python3-openapi-core+flask, python3-openapi-core+requests, python3-openapi-core+starlette, python3-openapi-core</a><br>
                    
                </td>
            </tr>
        
            <tr id="row-python-pamela">
                <td>python-pamela</td>
                <td>ðŸ”´</td>
                <td>
                    <a href="https://copr.fedorainfracloud.org/coprs/g/python/python3.14/package/python-pamela/">
                        Copr - python-pamela
                    </a>
                </td>
                <td class="max-width-column">
                    
                    <a href="https://bugzilla.redhat.com/show_bug.cgi?id=2366474">python-pamela fails to build with Python 3.14: pamela.PAMError: [PAM Error 26] Critical error - immediate abort</a><br>
                    
                </td>
            </tr>
        
            <tr id="row-python-pkginfo2">
                <td>python-pkginfo2</td>
                <td>ðŸ”´</td>
                <td>
                    <a href="https://copr.fedorainfracloud.org/coprs/g/python/python3.14/package/python-pkginfo2/">
                        Copr - python-pkginfo2
                    </a>
                </td>
                <td class="max-width-column">
                    
                    <a href="https://bugzilla.redhat.com/show_bug.cgi?id=2366490">python-pkginfo2: FTBFS in Fedora Rawhide: AssertionError: None != &#39;30.0.0&#39;</a><br>
                    
                </td>
            </tr>
        
            <tr id="row-python-plotnine">
                <td>python-plotnine</td>
                <td>ðŸ”´</td>
                <td>
                    <a href="https://copr.fedorainfracloud.org/coprs/g/python/python3.14/package/python-plotnine/">
                        Copr - python-plotnine
                    </a>
                </td>
                <td class="max-width-column">
                    
                    <a href="https://bugzilla.redhat.com/show_bug.cgi?id=2372035">F43FailsToInstall: python3-plotnine+extra, python3-plotnine</a><br>
                    
                </td>
            </tr>
        
            <tr id="row-python-praw">
                <td>python-praw</td>
                <td>ðŸ”´</td>
                <td>
                    <a href="https://copr.fedorainfracloud.org/coprs/g/python/python3.14/package/python-praw/">
                        Copr - python-praw
                    </a>
                </td>
                <td class="max-width-column">
                    
                    <a href="https://bugzilla.redhat.com/show_bug.cgi?id=2342562">python-praw fails to build with Python 3.14: RuntimeError: There is no current event loop in thread &#39;MainThread&#39;.</a><br>
                    
                </td>
            </tr>
        
            <tr id="row-python-pure-protobuf">
                <td>python-pure-protobuf</td>
                <td>ðŸ”´</td>
                <td>
                    <a href="https://copr.fedorainfracloud.org/coprs/g/python/python3.14/package/python-pure-protobuf/">
                        Copr - python-pure-protobuf
                    </a>
                </td>
                <td class="max-width-column">
                    
                    <a href="https://bugzilla.redhat.com/show_bug.cgi?id=2322710">python-pure-protobuf fails to build with Python 3.14: ImportError: cannot import name &#39;ByteString&#39; from &#39;typing&#39;</a><br>
                    
                </td>
            </tr>
        
            <tr id="row-python-pycec">
                <td>python-pycec</td>
                <td>ðŸ”´</td>
                <td>
                    <a href="https://copr.fedorainfracloud.org/coprs/g/python/python3.14/package/python-pycec/">
                        Copr - python-pycec
                    </a>
                </td>
                <td class="max-width-column">
                    
                    <a href="https://bugzilla.redhat.com/show_bug.cgi?id=2327973">python-pycec fails to build with Python 3.14: RuntimeError: There is no current event loop in thread &#39;MainThread&#39;.</a><br>
                    
                </td>
            </tr>
        
            <tr id="row-python-pyemd">
                <td>python-pyemd</td>
                <td>ðŸ”´</td>
                <td>
                    <a href="https://copr.fedorainfracloud.org/coprs/g/python/python3.14/package/python-pyemd/">
                        Copr - python-pyemd
                    </a>
                </td>
                <td class="max-width-column">
                    
                    <a href="https://bugzilla.redhat.com/show_bug.cgi?id=2319698">python-pyemd fails to build with setuptools 74+</a><br>
                    
                </td>
            </tr>
        
            <tr id="row-python-pymdown-extensions">
                <td>python-pymdown-extensions</td>
                <td>ðŸ”´</td>
                <td>
                    <a href="https://copr.fedorainfracloud.org/coprs/g/python/python3.14/package/python-pymdown-extensions/">
                        Copr - python-pymdown-extensions
                    </a>
                </td>
                <td class="max-width-column">
                    
                    <a href="https://bugzilla.redhat.com/show_bug.cgi?id=2372063">F43FailsToInstall: python3-pymdown-extensions+extra, python3-pymdown-extensions</a><br>
                    
                    <a href="https://bugzilla.redhat.com/show_bug.cgi?id=2350300">Heads-up: python-pymdown-extensions fails to build with python-pygments 2.19.1 on Fedora 43</a><br>
                    
                    <a href="https://bugzilla.redhat.com/show_bug.cgi?id=2336948">python-pymdown-extensions fails to build with Python 3.14: TestAbsolute.test_relative_path and TestAbsoluteFileScheme.test_relative_path AssertionErrors</a><br>
                    
                </td>
            </tr>
        
            <tr id="row-python-pymeeus">
                <td>python-pymeeus</td>
                <td>ðŸ”´</td>
                <td>
                    <a href="https://copr.fedorainfracloud.org/coprs/g/python/python3.14/package/python-pymeeus/">
                        Copr - python-pymeeus
                    </a>
                </td>
                <td class="max-width-column">
                    
                    <a href="https://bugzilla.redhat.com/show_bug.cgi?id=2341186">python-pymeeus: FTBFS in Fedora rawhide/f42</a><br>
                    
                    <a href="https://bugzilla.redhat.com/show_bug.cgi?id=2329890">python-pymeeus fails to build with sphinx 8.x: ERROR: Invalid value `None` in intersphinx_mapping[&#39;https://docs.python.org/&#39;].</a><br>
                    
                </td>
            </tr>
        
            <tr id="row-python-pyopencl">
                <td>python-pyopencl</td>
                <td>ðŸ”´</td>
                <td>
                    <a href="https://copr.fedorainfracloud.org/coprs/g/python/python3.14/package/python-pyopencl/">
                        Copr - python-pyopencl
                    </a>
                </td>
                <td class="max-width-column">
                    
                    <a href="https://bugzilla.redhat.com/show_bug.cgi?id=2341190">python-pyopencl: FTBFS in Fedora rawhide/f42</a><br>
                    
                </td>
            </tr>
        
            <tr id="row-python-pyopengl">
                <td>python-pyopengl</td>
                <td>ðŸ”´</td>
                <td>
                    <a href="https://copr.fedorainfracloud.org/coprs/g/python/python3.14/package/python-pyopengl/">
                        Copr - python-pyopengl
                    </a>
                </td>
                <td class="max-width-column">
                    
                    <a href="https://bugzilla.redhat.com/show_bug.cgi?id=2341191">python-pyopengl: FTBFS in Fedora rawhide/f42</a><br>
                    
                </td>
            </tr>
        
            <tr id="row-python-pysaml2">
                <td>python-pysaml2</td>
                <td>ðŸ”´</td>
                <td>
                    <a href="https://copr.fedorainfracloud.org/coprs/g/python/python3.14/package/python-pysaml2/">
                        Copr - python-pysaml2
                    </a>
                </td>
                <td class="max-width-column">
                    
                    <a href="https://bugzilla.redhat.com/show_bug.cgi?id=2372073">F43FailsToInstall: python3-pysaml2</a><br>
                    
                    <a href="https://bugzilla.redhat.com/show_bug.cgi?id=2341199">python-pysaml2: FTBFS in Fedora rawhide/f42</a><br>
                    
                </td>
            </tr>
        
            <tr id="row-python-pytest-lsp">
                <td>python-pytest-lsp</td>
                <td>ðŸ”´</td>
                <td>
                    <a href="https://copr.fedorainfracloud.org/coprs/g/python/python3.14/package/python-pytest-lsp/">
                        Copr - python-pytest-lsp
                    </a>
                </td>
                <td class="max-width-column">
                    
                    <a href="https://bugzilla.redhat.com/show_bug.cgi?id=2349451">python-pytest-lsp fails to build with Python 3.14: warnings counts differ, resulting in AssertionError in 3 tests</a><br>
                    
                </td>
            </tr>
        
            <tr id="row-python-pytest-twisted">
                <td>python-pytest-twisted</td>
                <td>ðŸ”´</td>
                <td>
                    <a href="https://copr.fedorainfracloud.org/coprs/g/python/python3.14/package/python-pytest-twisted/">
                        Copr - python-pytest-twisted
                    </a>
                </td>
                <td class="max-width-column">
                    
                    <a href="https://bugzilla.redhat.com/show_bug.cgi?id=2368594">python-pytest-twisted fails to build with Python 3.14: RuntimeError: There is no current event loop in thread &#39;MainThread&#39;.</a><br>
                    
                </td>
            </tr>
        
            <tr id="row-python-pyupgrade">
                <td>python-pyupgrade</td>
                <td>ðŸ”´</td>
                <td>
                    <a href="https://copr.fedorainfracloud.org/coprs/g/python/python3.14/package/python-pyupgrade/">
                        Copr - python-pyupgrade
                    </a>
                </td>
                <td class="max-width-column">
                    
                    <a href="https://bugzilla.redhat.com/show_bug.cgi?id=2322713">python-pyupgrade fails to build with Python 3.14: AttributeError: module &#39;ast&#39; has no attribute &#39;Str&#39;</a><br>
                    
                </td>
            </tr>
        
            <tr id="row-python-pyvlx">
                <td>python-pyvlx</td>
                <td>ðŸ”´</td>
                <td>
                    <a href="https://copr.fedorainfracloud.org/coprs/g/python/python3.14/package/python-pyvlx/">
                        Copr - python-pyvlx
                    </a>
                </td>
                <td class="max-width-column">
                    
                    <a href="https://bugzilla.redhat.com/show_bug.cgi?id=2327983">python-pyvlx fails to build with Python 3.14: RuntimeError: There is no current event loop in thread &#39;MainThread&#39;.</a><br>
                    
                </td>
            </tr>
        
            <tr id="row-python-qcelemental">
                <td>python-qcelemental</td>
                <td>ðŸ”´</td>
                <td>
                    <a href="https://copr.fedorainfracloud.org/coprs/g/python/python3.14/package/python-qcelemental/">
                        Copr - python-qcelemental
                    </a>
                </td>
                <td class="max-width-column">
                    
                    <a href="https://bugzilla.redhat.com/show_bug.cgi?id=2372089">F43FailsToInstall: python3-qcelemental</a><br>
                    
                </td>
            </tr>
        
            <tr id="row-python-readability-lxml">
                <td>python-readability-lxml</td>
                <td>ðŸ”´</td>
                <td>
                    <a href="https://copr.fedorainfracloud.org/coprs/g/python/python3.14/package/python-readability-lxml/">
                        Copr - python-readability-lxml
                    </a>
                </td>
                <td class="max-width-column">
                    
                    <a href="https://bugzilla.redhat.com/show_bug.cgi?id=2323185">python-readability-lxml fails to build with Python 3.14: _pickle.PicklingError: Can&#39;t pickle &lt;function TestArticleOnly.test_many_repeated_spaces at 0x7ff0ea064460&gt;: it&#39;s not the same object as tests.test_article_only.TestArticleOnly.test_many_repeated_spa</a><br>
                    
                </td>
            </tr>
        
            <tr id="row-python-recordclass">
                <td>python-recordclass</td>
                <td>ðŸ”´</td>
                <td>
                    <a href="https://copr.fedorainfracloud.org/coprs/g/python/python3.14/package/python-recordclass/">
                        Copr - python-recordclass
                    </a>
                </td>
                <td class="max-width-column">
                    
                    <a href="https://bugzilla.redhat.com/show_bug.cgi?id=2327968">python-recordclass fails to build with Python 3.14: 25 failures, 65 errors in the test suite</a><br>
                    
                </td>
            </tr>
        
            <tr id="row-python-remoto">
                <td>python-remoto</td>
                <td>ðŸ”´</td>
                <td>
                    <a href="https://copr.fedorainfracloud.org/coprs/g/python/python3.14/package/python-remoto/">
                        Copr - python-remoto
                    </a>
                </td>
                <td class="max-width-column">
                    
                    <a href="https://bugzilla.redhat.com/show_bug.cgi?id=2366491">python-remoto fails to build with Python 3.14: AttributeError: &#39;TestRemoteError&#39; object has no attribute &#39;traceback&#39;</a><br>
                    
                    <a href="https://bugzilla.redhat.com/show_bug.cgi?id=2341205">python-remoto: FTBFS in Fedora rawhide/f42</a><br>
                    
                </td>
            </tr>
        
            <tr id="row-python-rope">
                <td>python-rope</td>
                <td>ðŸ”´</td>
                <td>
                    <a href="https://copr.fedorainfracloud.org/coprs/g/python/python3.14/package/python-rope/">
                        Copr - python-rope
                    </a>
                </td>
                <td class="max-width-column">
                    
                    <a href="https://bugzilla.redhat.com/show_bug.cgi?id=2351391">python-rope fails to build with Python 3.14: ImportError while loading conftest &#39;/builddir/build/BUILD/python-rope-1.13.0-build/rope-1.13.0/ropetest/conftest.py&#39;.: AssertionError: assert sys.version_info &lt; (3, 8)</a><br>
                    
                </td>
            </tr>
        
            <tr id="row-python-rosdep">
                <td>python-rosdep</td>
                <td>ðŸ”´</td>
                <td>
                    <a href="https://copr.fedorainfracloud.org/coprs/g/python/python3.14/package/python-rosdep/">
                        Copr - python-rosdep
                    </a>
                </td>
                <td class="max-width-column">
                    
                    <a href="https://bugzilla.redhat.com/show_bug.cgi?id=2341207">python-rosdep: FTBFS in Fedora rawhide/f42</a><br>
                    
                    <a href="https://bugzilla.redhat.com/show_bug.cgi?id=2329891">python-rosdep fails to build with sphinx 8.x: ERROR: Invalid value `None` in intersphinx_mapping[&#39;http://docs.python.org/&#39;].</a><br>
                    
                </td>
            </tr>
        
            <tr id="row-python-rstcheck">
                <td>python-rstcheck</td>
                <td>ðŸ”´</td>
                <td>
                    <a href="https://copr.fedorainfracloud.org/coprs/g/python/python3.14/package/python-rstcheck/">
                        Copr - python-rstcheck
                    </a>
                </td>
                <td class="max-width-column">
                    
                    <a href="https://bugzilla.redhat.com/show_bug.cgi?id=2322705">python-rstcheck fails to build with Python 3.14: AttributeError: &#39;Constant&#39; object has no attribute &#39;s&#39;</a><br>
                    
                </td>
            </tr>
        
            <tr id="row-python-rx">
                <td>python-rx</td>
                <td>ðŸ”´</td>
                <td>
                    <a href="https://copr.fedorainfracloud.org/coprs/g/python/python3.14/package/python-rx/">
                        Copr - python-rx
                    </a>
                </td>
                <td class="max-width-column">
                    
                    <a href="https://bugzilla.redhat.com/show_bug.cgi?id=2327979">python-rx fails to build with Python 3.14: RuntimeError: There is no current event loop in thread &#39;MainThread&#39;.</a><br>
                    
                </td>
            </tr>
        
            <tr id="row-python-simframe">
                <td>python-simframe</td>
                <td>ðŸ”´</td>
                <td>
                    <a href="https://copr.fedorainfracloud.org/coprs/g/python/python3.14/package/python-simframe/">
                        Copr - python-simframe
                    </a>
                </td>
                <td class="max-width-column">
                    
                    <a href="https://bugzilla.redhat.com/show_bug.cgi?id=2352552">python-simframe fails to build with Python 3.14: TypeError: cannot pickle &#39;itertools.cycle&#39; object</a><br>
                    
                </td>
            </tr>
        
            <tr id="row-python-sqlmodel">
                <td>python-sqlmodel</td>
                <td>ðŸ”´</td>
                <td>
                    <a href="https://copr.fedorainfracloud.org/coprs/g/python/python3.14/package/python-sqlmodel/">
                        Copr - python-sqlmodel
                    </a>
                </td>
                <td class="max-width-column">
                    
                    <a href="https://bugzilla.redhat.com/show_bug.cgi?id=2372150">F43FailsToInstall: python3-sqlmodel, python3-sqlmodel-slim</a><br>
                    
                </td>
            </tr>
        
            <tr id="row-python-streamlink">
                <td>python-streamlink</td>
                <td>ðŸ”´</td>
                <td>
                    <a href="https://copr.fedorainfracloud.org/coprs/g/python/python3.14/package/python-streamlink/">
                        Copr - python-streamlink
                    </a>
                </td>
                <td class="max-width-column">
                    
                    <a href="https://bugzilla.redhat.com/show_bug.cgi?id=2353127">python-streamlink fails to build with Python 3.14: test_deprecated: AssetionError: Left contains one more item: &lt;warnings.WarningMessage object at 0x7fd80afa3410&gt;</a><br>
                    
                </td>
            </tr>
        
            <tr id="row-python-telnetlib3">
                <td>python-telnetlib3</td>
                <td>ðŸ”´</td>
                <td>
                    <a href="https://copr.fedorainfracloud.org/coprs/g/python/python3.14/package/python-telnetlib3/">
                        Copr - python-telnetlib3
                    </a>
                </td>
                <td class="max-width-column">
                    
                    <a href="https://bugzilla.redhat.com/show_bug.cgi?id=2354126">python-telnetlib3 FTBFS due to missing tox configuration</a><br>
                    
                </td>
            </tr>
        
            <tr id="row-python-tenacity">
                <td>python-tenacity</td>
                <td>ðŸ”´</td>
                <td>
                    <a href="https://copr.fedorainfracloud.org/coprs/g/python/python3.14/package/python-tenacity/">
                        Copr - python-tenacity
                    </a>
                </td>
                <td class="max-width-column">
                    
                    <a href="https://bugzilla.redhat.com/show_bug.cgi?id=2327977">python-tenacity fails to build with Python 3.14: RuntimeError: There is no current event loop in thread &#39;MainThread&#39;.</a><br>
                    
                </td>
            </tr>
        
            <tr id="row-python-textual">
                <td>python-textual</td>
                <td>ðŸ”´</td>
                <td>
                    <a href="https://copr.fedorainfracloud.org/coprs/g/python/python3.14/package/python-textual/">
                        Copr - python-textual
                    </a>
                </td>
                <td class="max-width-column">
                    
                    <a href="https://bugzilla.redhat.com/show_bug.cgi?id=2367457">python-textual fails to build with Python 3.14: RuntimeError: There is no current event loop in thread &#39;MainThread&#39;.</a><br>
                    
                    <a href="https://bugzilla.redhat.com/show_bug.cgi?id=2341224">python-textual: FTBFS in Fedora rawhide/f42</a><br>
                    
                </td>
            </tr>
        
            <tr id="row-python-toolz">
                <td>python-toolz</td>
                <td>ðŸ”´</td>
                <td>
                    <a href="https://copr.fedorainfracloud.org/coprs/g/python/python3.14/package/python-toolz/">
                        Copr - python-toolz
                    </a>
                </td>
                <td class="max-width-column">
                    
                    <a href="https://bugzilla.redhat.com/show_bug.cgi?id=2323168">python-toolz fails to build with Python 3.14: AssertionError: is_none: assert should_curry(getattr(operator, k)) == isinstance(v, toolz.curry), k</a><br>
                    
                </td>
            </tr>
        
            <tr id="row-python-torch">
                <td>python-torch</td>
                <td>ðŸ”´</td>
                <td>
                    <a href="https://copr.fedorainfracloud.org/coprs/g/python/python3.14/package/python-torch/">
                        Copr - python-torch
                    </a>
                </td>
                <td class="max-width-column">
                    
                    <a href="https://bugzilla.redhat.com/show_bug.cgi?id=2372164">F43FailsToInstall: python3-torch</a><br>
                    
                </td>
            </tr>
        
            <tr id="row-python-towncrier">
                <td>python-towncrier</td>
                <td>ðŸ”´</td>
                <td>
                    <a href="https://copr.fedorainfracloud.org/coprs/g/python/python3.14/package/python-towncrier/">
                        Copr - python-towncrier
                    </a>
                </td>
                <td class="max-width-column">
                    
                    <a href="https://bugzilla.redhat.com/show_bug.cgi?id=2354131">python-towncrier FTBFS due to missing tox configuration</a><br>
                    
                </td>
            </tr>
        
            <tr id="row-python-txaio">
                <td>python-txaio</td>
                <td>ðŸ”´</td>
                <td>
                    <a href="https://copr.fedorainfracloud.org/coprs/g/python/python3.14/package/python-txaio/">
                        Copr - python-txaio
                    </a>
                </td>
                <td class="max-width-column">
                    
                    <a href="https://bugzilla.redhat.com/show_bug.cgi?id=2327981">python-txaio fails to build with Python 3.14: RuntimeError: There is no current event loop in thread &#39;MainThread&#39;.</a><br>
                    
                </td>
            </tr>
        
            <tr id="row-python-typing-inspect">
                <td>python-typing-inspect</td>
                <td>ðŸ”´</td>
                <td>
                    <a href="https://copr.fedorainfracloud.org/coprs/g/python/python3.14/package/python-typing-inspect/">
                        Copr - python-typing-inspect
                    </a>
                </td>
                <td class="max-width-column">
                    
                    <a href="https://bugzilla.redhat.com/show_bug.cgi?id=2325455">python-typing-inspect fails to build with Python 3.14: AssertionError: {} != {&#39;x&#39;: &lt;class &#39;int&#39;&gt;, &#39;y&#39;: &lt;class &#39;int&#39;&gt;}</a><br>
                    
                </td>
            </tr>
        
            <tr id="row-python-uvloop">
                <td>python-uvloop</td>
                <td>ðŸ”´</td>
                <td>
                    <a href="https://copr.fedorainfracloud.org/coprs/g/python/python3.14/package/python-uvloop/">
                        Copr - python-uvloop
                    </a>
                </td>
                <td class="max-width-column">
                    
                    <a href="https://bugzilla.redhat.com/show_bug.cgi?id=2341233">python-uvloop: FTBFS in Fedora rawhide/f42</a><br>
                    
                    <a href="https://bugzilla.redhat.com/show_bug.cgi?id=2326210">python-uvloop fails to build with Python 3.14: AttributeError: module &#39;asyncio&#39; has no attribute &#39;AbstractChildWatcher&#39;</a><br>
                    
                </td>
            </tr>
        
            <tr id="row-python-valkey">
                <td>python-valkey</td>
                <td>ðŸ”´</td>
                <td>
                    <a href="https://copr.fedorainfracloud.org/coprs/g/python/python3.14/package/python-valkey/">
                        Copr - python-valkey
                    </a>
                </td>
                <td class="max-width-column">
                    
                    <a href="https://bugzilla.redhat.com/show_bug.cgi?id=2349444">python-valkey fails to build with Python 3.14: _pickle.PicklingError: Can&#39;t pickle local object &lt;function TestMultiprocessing.test_close_connection_in_child.&lt;locals&gt;.target at 0x7f5aa68cddd0&gt;</a><br>
                    
                </td>
            </tr>
        
            <tr id="row-python-wordcloud">
                <td>python-wordcloud</td>
                <td>ðŸ”´</td>
                <td>
                    <a href="https://copr.fedorainfracloud.org/coprs/g/python/python3.14/package/python-wordcloud/">
                        Copr - python-wordcloud
                    </a>
                </td>
                <td class="max-width-column">
                    
                    <a href="https://bugzilla.redhat.com/show_bug.cgi?id=2335908">python-wordcloud fails to build with Python 3.14: test_cli_as_executable: AssertionError: assert expected_output in out if ret_code == 0 else err</a><br>
                    
                </td>
            </tr>
        
            <tr id="row-python-yappi">
                <td>python-yappi</td>
                <td>ðŸ”´</td>
                <td>
                    <a href="https://copr.fedorainfracloud.org/coprs/g/python/python3.14/package/python-yappi/">
                        Copr - python-yappi
                    </a>
                </td>
                <td class="max-width-column">
                    
                    <a href="https://bugzilla.redhat.com/show_bug.cgi?id=2323160">python-yappi fails to build with Python 3.14: error: invalid use of incomplete typedef â€˜PyGenObjectâ€™ {aka â€˜struct _PyGenObjectâ€™}</a><br>
                    
                </td>
            </tr>
        
            <tr id="row-python3-exiv2">
                <td>python3-exiv2</td>
                <td>ðŸ”´</td>
                <td>
                    <a href="https://copr.fedorainfracloud.org/coprs/g/python/python3.14/package/python3-exiv2/">
                        Copr - python3-exiv2
                    </a>
                </td>
                <td class="max-width-column">
                    
                    <a href="https://bugzilla.redhat.com/show_bug.cgi?id=2354137">python3-exiv2 FTBFS due to missing tox configuration</a><br>
                    
                </td>
            </tr>
        
            <tr id="row-qtile">
                <td>qtile</td>
                <td>ðŸ”´</td>
                <td>
                    <a href="https://copr.fedorainfracloud.org/coprs/g/python/python3.14/package/qtile/">
                        Copr - qtile
                    </a>
                </td>
                <td class="max-width-column">
                    
                    <a href="https://bugzilla.redhat.com/show_bug.cgi?id=2328711">qtile fails to build with Python 3.14: _pickle.PicklingError: Can&#39;t pickle local object &lt;function TestManager.start.&lt;locals&gt;.run_qtile at 0x7f9c5918fed0&gt;</a><br>
                    
                </td>
            </tr>
        
            <tr id="row-rpm-head-signing">
                <td>rpm-head-signing</td>
                <td>ðŸ”´</td>
                <td>
                    <a href="https://copr.fedorainfracloud.org/coprs/g/python/python3.14/package/rpm-head-signing/">
                        Copr - rpm-head-signing
                    </a>
                </td>
                <td class="max-width-column">
                    
                    <a href="https://bugzilla.redhat.com/show_bug.cgi?id=2366308">rpm-head-signing: FTBFS in Fedora Rawhide with RPM 6</a><br>
                    
                </td>
            </tr>
        
            <tr id="row-rss2email">
                <td>rss2email</td>
                <td>ðŸ”´</td>
                <td>
                    <a href="https://copr.fedorainfracloud.org/coprs/g/python/python3.14/package/rss2email/">
                        Copr - rss2email
                    </a>
                </td>
                <td class="max-width-column">
                    
                    <a href="https://bugzilla.redhat.com/show_bug.cgi?id=2368743">rss2email fails to build with Python 3.14: ERROR: test_email_data/tails/1.config...</a><br>
                    
                </td>
            </tr>
        
            <tr id="row-signon-glib">
                <td>signon-glib</td>
                <td>ðŸ”´</td>
                <td>
                    <a href="https://copr.fedorainfracloud.org/coprs/g/python/python3.14/package/signon-glib/">
                        Copr - signon-glib
                    </a>
                </td>
                <td class="max-width-column">
                    
                    <a href="https://bugzilla.redhat.com/show_bug.cgi?id=2341348">signon-glib: FTBFS in Fedora rawhide/f42</a><br>
                    
                </td>
            </tr>
        
            <tr id="row-strongswan">
                <td>strongswan</td>
                <td>ðŸ”´</td>
                <td>
                    <a href="https://copr.fedorainfracloud.org/coprs/g/python/python3.14/package/strongswan/">
                        Copr - strongswan
                    </a>
                </td>
                <td class="max-width-column">
                    
                    <a href="https://bugzilla.redhat.com/show_bug.cgi?id=2368971">strongswan: FTBFS in Fedora Rawhide: error: possibly undefined macro: AC_LIB_PREFIX</a><br>
                    
                    <a href="https://bugzilla.redhat.com/show_bug.cgi?id=2332864">strongswan-5.9.14-5.fc42 FTBFS: strongswan-5.9.14/missing: line 81: aclocal-1.16: command not found</a><br>
                    
                </td>
            </tr>
        
            <tr id="row-sugar">
                <td>sugar</td>
                <td>ðŸ”´</td>
                <td>
                    <a href="https://copr.fedorainfracloud.org/coprs/g/python/python3.14/package/sugar/">
                        Copr - sugar
                    </a>
                </td>
                <td class="max-width-column">
                    
                    <a href="https://bugzilla.redhat.com/show_bug.cgi?id=2368968">sugar: FTBFS in Fedora Rawhide</a><br>
                    
                </td>
            </tr>
        
            <tr id="row-sugar-toolkit-gtk3">
                <td>sugar-toolkit-gtk3</td>
                <td>ðŸ”´</td>
                <td>
                    <a href="https://copr.fedorainfracloud.org/coprs/g/python/python3.14/package/sugar-toolkit-gtk3/">
                        Copr - sugar-toolkit-gtk3
                    </a>
                </td>
                <td class="max-width-column">
                    
                    <a href="https://bugzilla.redhat.com/show_bug.cgi?id=2372229">F43FailsToInstall: sugar-toolkit-gtk3</a><br>
                    
                </td>
            </tr>
        
            <tr id="row-tmt">
                <td>tmt</td>
                <td>ðŸ”´</td>
                <td>
                    <a href="https://copr.fedorainfracloud.org/coprs/g/python/python3.14/package/tmt/">
                        Copr - tmt
                    </a>
                </td>
                <td class="max-width-column">
                    
                    <a href="https://bugzilla.redhat.com/show_bug.cgi?id=2372233">F43FailsToInstall: tmt+all, tmt+export-polarion, tmt+link-jira, tmt+provision-beaker, tmt+provision-bootc, tmt+provision-container, tmt+provision-virtual, tmt+report-junit, tmt+report-polarion, tmt+test-convert, tmt</a><br>
                    
                </td>
            </tr>
        
            <tr id="row-visidata">
                <td>visidata</td>
                <td>ðŸ”´</td>
                <td>
                    <a href="https://copr.fedorainfracloud.org/coprs/g/python/python3.14/package/visidata/">
                        Copr - visidata
                    </a>
                </td>
                <td class="max-width-column">
                    
                    <a href="https://bugzilla.redhat.com/show_bug.cgi?id=2325446">visidata fails to build with Python 3.14: TestVisidataPath.test_withName: AssertionError: assert &#39;foo&#39; == &#39;foo.&#39;</a><br>
                    
                </td>
            </tr>
        
            <tr id="row-zeek">
                <td>zeek</td>
                <td>ðŸ”´</td>
                <td>
                    <a href="https://copr.fedorainfracloud.org/coprs/g/python/python3.14/package/zeek/">
                        Copr - zeek
                    </a>
                </td>
                <td class="max-width-column">
                    
                    <a href="https://bugzilla.redhat.com/show_bug.cgi?id=2366467">zeek fails to build in Fedora Rawhide: Could not find prerequisite package &#39;BIND&#39;</a><br>
                    
                    <a href="https://bugzilla.redhat.com/show_bug.cgi?id=2341601">zeek: FTBFS in Fedora rawhide/f42</a><br>
                    
                </td>
            </tr>
        
        </tbody>
    </table>
</div>

    <h3 class="mb-3">Thanks</h3>
    <p>This is derivative work from <a href="https://pyreadiness.org">pyreadiness.org</a> and <a href="https://pythonwheels.com/">pythonwheels.com</a>, a site that tracks which Python distributions ship the wheel distribution.</p>
    <!-- fork me -->
    <a href="https://github.com/befeleme/fedora-python-rebuild-status" class="github-corner" aria-label="View source on GitHub"><svg width="80" height="80" viewBox="0 0 250 250" style="fill:#000; color:#fff; position: absolute; top: 0; border: 0; right: 0;" aria-hidden="true"><path d="M0,0 L115,115 L130,115 L142,142 L250,250 L250,0 Z"></path><path d="M128.3,109.0 C113.8,99.7 119.0,89.6 119.0,89.6 C122.0,82.7 120.5,78.6 120.5,78.6 C119.2,72.0 123.4,76.3 123.4,76.3 C127.3,80.9 125.5,87.3 125.5,87.3 C122.9,97.6 130.6,101.9 134.4,103.2" fill="currentColor" style="transform-origin: 130px 106px;" class="octo-arm"></path><path d="M115.0,115.0 C114.9,115.1 118.7,116.5 119.8,115.4 L133.7,101.6 C136.9,99.2 139.9,98.4 142.2,98.6 C133.8,88.0 127.5,74.4 143.8,58.0 C148.5,53.4 154.0,51.2 159.7,51.0 C160.3,49.4 163.2,43.6 171.4,40.1 C171.4,40.1 176.1,42.5 178.8,56.2 C183.1,58.6 187.2,61.8 190.9,65.4 C194.5,69.0 197.7,73.2 200.1,77.6 C213.8,80.2 216.3,84.9 216.3,84.9 C212.7,93.1 206.9,96.0 205.4,96.6 C205.1,102.4 203.0,107.8 198.3,112.5 C181.9,128.9 168.3,122.5 157.7,114.1 C157.9,116.9 156.7,120.9 152.7,124.9 L141.0,136.5 C139.8,137.7 141.6,141.9 141.8,141.8 Z" fill="currentColor" class="octo-body"></path></svg></a><style>.github-corner:hover .octo-arm{animation:octocat-wave 560ms ease-in-out}@keyframes octocat-wave{0%,100%{transform:rotate(0)}20%,60%{transform:rotate(-25deg)}40%,80%{transform:rotate(10deg)}}@media (max-width:500px){.github-corner:hover .octo-arm{animation:none}.github-corner .octo-arm{animation:octocat-wave 560ms ease-in-out}}</style>
    <hr>
    <footer>
      <p>Maintained by <a href="https://github.com/befeleme">@befeleme</a>, source on <a href="https://github.com/befeleme/fedora-python-rebuild-status">GitHub</a>.</p>
      <p>Last updated on <span class="date">2025-06-23 04:08:36.536844</span> (updated daily)</p>
    </footer>
  </div>
</body>
</html>