{
  "389-ds-base": {
    "urls": [
      "https://bugzilla.redhat.com/show_bug.cgi?id=2424574"
    ],
    "summaries": [
      "389-ds-base fails to build with Python 3.15: AttributeError: 'CustomHelpFormatter' object has no attribute '_format_actions_usage'"
    ]
  },
  "Zim": {
    "urls": [],
    "summaries": []
  },
  "abrt": {
    "urls": [],
    "summaries": []
  },
  "apbs": {
    "urls": [],
    "summaries": []
  },
  "argparse-manpage": {
    "urls": [],
    "summaries": []
  },
  "awscli2": {
    "urls": [],
    "summaries": []
  },
  "bmap-tools": {
    "urls": [
      "https://bugzilla.redhat.com/show_bug.cgi?id=2416984"
    ],
    "summaries": [
      "bmap-tools fails to build with Python 3.15: bmaptool.BmapCopy.Error: checksum mismatch for blocks range 34-35"
    ]
  },
  "bodhi-client": {
    "urls": [],
    "summaries": []
  },
  "boom-boot": {
    "urls": [],
    "summaries": []
  },
  "borgbackup": {
    "urls": [
      "https://bugzilla.redhat.com/show_bug.cgi?id=2424590"
    ],
    "summaries": [
      "borgbackup fails to build with Python 3.15: ValueError: badly formed help string"
    ]
  },
  "breezy": {
    "urls": [],
    "summaries": []
  },
  "calamares": {
    "urls": [],
    "summaries": []
  },
  "cantor": {
    "urls": [],
    "summaries": []
  },
  "catfish": {
    "urls": [],
    "summaries": []
  },
  "ceph": {
    "urls": [],
    "summaries": []
  },
  "classification-banner": {
    "urls": [],
    "summaries": []
  },
  "claws-mail": {
    "urls": [],
    "summaries": []
  },
  "cmakelang": {
    "urls": [],
    "summaries": []
  },
  "conan": {
    "urls": [],
    "summaries": []
  },
  "cryptominisat": {
    "urls": [],
    "summaries": []
  },
  "dbus-python": {
    "urls": [
      "https://bugzilla.redhat.com/show_bug.cgi?id=2424563"
    ],
    "summaries": [
      "dbus-python doesn't work with Python 3.15: SystemError: type _dbus_bindings.Connection has the Py_TPFLAGS_MANAGED_WEAKREF flag but not Py_TPFLAGS_HAVE_GC flag"
    ]
  },
  "dftd4": {
    "urls": [],
    "summaries": []
  },
  "dnf-plugins-core": {
    "urls": [],
    "summaries": []
  },
  "dt-schema": {
    "urls": [],
    "summaries": []
  },
  "esptool": {
    "urls": [],
    "summaries": []
  },
  "fail2ban": {
    "urls": [
      "https://bugzilla.redhat.com/show_bug.cgi?id=2423879"
    ],
    "summaries": [
      "fail2ban fails to build with Python 3.15: AttributeError: 'SourceFileLoader' object has no attribute 'load_module'. Did you mean: 'exec_module'?"
    ]
  },
  "gdb": {
    "urls": [],
    "summaries": []
  },
  "gnofract4d": {
    "urls": [],
    "summaries": []
  },
  "ini2toml": {
    "urls": [],
    "summaries": []
  },
  "insight": {
    "urls": [],
    "summaries": []
  },
  "jack-mixer": {
    "urls": [],
    "summaries": []
  },
  "jc": {
    "urls": [
      "https://bugzilla.redhat.com/show_bug.cgi?id=2424595"
    ],
    "summaries": [
      "jc fails to build with Python 3.15: AssertionError: 'format': 1760, != 'format': 7250,"
    ]
  },
  "kea": {
    "urls": [],
    "summaries": []
  },
  "kf6-kjobwidgets": {
    "urls": [],
    "summaries": []
  },
  "kf6-kxmlgui": {
    "urls": [],
    "summaries": []
  },
  "kig": {
    "urls": [],
    "summaries": []
  },
  "kmymoney": {
    "urls": [],
    "summaries": []
  },
  "libarrow": {
    "urls": [],
    "summaries": []
  },
  "libmodulemd": {
    "urls": [
      "https://bugzilla.redhat.com/show_bug.cgi?id=2423153"
    ],
    "summaries": [
      "libmodulemd-2.15.2-4.fc44 FTBFS: tests fail with glib2 \u2265 2.87.0"
    ]
  },
  "libreoffice": {
    "urls": [],
    "summaries": []
  },
  "librepo": {
    "urls": [],
    "summaries": []
  },
  "libyui": {
    "urls": [
      "https://bugzilla.redhat.com/show_bug.cgi?id=2427943"
    ],
    "summaries": [
      "libyui: FTBFS with gcc16 due to C++20 change"
    ]
  },
  "link-grammar": {
    "urls": [],
    "summaries": []
  },
  "llvm": {
    "urls": [],
    "summaries": []
  },
  "lvm2": {
    "urls": [],
    "summaries": []
  },
  "moose": {
    "urls": [
      "https://bugzilla.redhat.com/show_bug.cgi?id=2414807"
    ],
    "summaries": [
      "moose fails to build with Python 3.15: moose-core-3.1.5/pymoose/PyRun.h:58:24: error: \u2018Py_GetProgramName\u2019 was not declared in this scope; did you mean \u2018Py_SetProgramName\u2019?"
    ]
  },
  "mpsolve": {
    "urls": [],
    "summaries": []
  },
  "nemo-extensions": {
    "urls": [],
    "summaries": []
  },
  "netplan": {
    "urls": [],
    "summaries": []
  },
  "nicotine+": {
    "urls": [],
    "summaries": []
  },
  "onnx": {
    "urls": [],
    "summaries": []
  },
  "onnxruntime": {
    "urls": [],
    "summaries": []
  },
  "pagure-dist-git": {
    "urls": [],
    "summaries": []
  },
  "profanity": {
    "urls": [],
    "summaries": []
  },
  "pyatspi": {
    "urls": [],
    "summaries": []
  },
  "pykka": {
    "urls": [],
    "summaries": []
  },
  "pyproj": {
    "urls": [],
    "summaries": []
  },
  "python-SecretStorage": {
    "urls": [],
    "summaries": []
  },
  "python-XStatic-Angular-FileUpload": {
    "urls": [],
    "summaries": []
  },
  "python-XStatic-Angular-Mock": {
    "urls": [],
    "summaries": []
  },
  "python-XStatic-Bootstrap-Datepicker": {
    "urls": [],
    "summaries": []
  },
  "python-XStatic-D3": {
    "urls": [],
    "summaries": []
  },
  "python-XStatic-Font-Awesome": {
    "urls": [],
    "summaries": []
  },
  "python-XStatic-bootswatch": {
    "urls": [],
    "summaries": []
  },
  "python-XStatic-mdi": {
    "urls": [],
    "summaries": []
  },
  "python-aiohttp-cors": {
    "urls": [],
    "summaries": []
  },
  "python-anyio": {
    "urls": [],
    "summaries": []
  },
  "python-application-properties": {
    "urls": [],
    "summaries": []
  },
  "python-apprise": {
    "urls": [
      "https://bugzilla.redhat.com/show_bug.cgi?id=2424601"
    ],
    "summaries": [
      "python-apprise fails to build with Python 3.15: AssertionError: assert 'NotifyType.INFO' == 'info'"
    ]
  },
  "python-arpeggio": {
    "urls": [],
    "summaries": []
  },
  "python-astroid": {
    "urls": [
      "https://bugzilla.redhat.com/show_bug.cgi?id=2416979"
    ],
    "summaries": [
      "python-astroid fails to build with Python 3.15: typing.ByteString has been removed from Python, failing TypingBrain.test_typing_object_notsubscriptable_3"
    ]
  },
  "python-asyncssh": {
    "urls": [],
    "summaries": []
  },
  "python-autopage": {
    "urls": [
      "https://bugzilla.redhat.com/show_bug.cgi?id=2424583"
    ],
    "summaries": [
      "python-autopage fails to build with Python 3.15: TypeError: ArgumentParser._get_formatter() got an unexpected keyword argument 'file' and one more"
    ]
  },
  "python-azure-mgmt-cognitiveservices": {
    "urls": [],
    "summaries": []
  },
  "python-azure-mgmt-containerservice": {
    "urls": [],
    "summaries": []
  },
  "python-azure-mgmt-hdinsight": {
    "urls": [],
    "summaries": []
  },
  "python-azure-mgmt-iothub": {
    "urls": [],
    "summaries": []
  },
  "python-azure-mgmt-keyvault": {
    "urls": [],
    "summaries": []
  },
  "python-azure-mgmt-quota": {
    "urls": [],
    "summaries": []
  },
  "python-azure-mgmt-recoveryservices": {
    "urls": [],
    "summaries": []
  },
  "python-azure-mgmt-storage": {
    "urls": [],
    "summaries": []
  },
  "python-azure-synapse-artifacts": {
    "urls": [],
    "summaries": []
  },
  "python-backrefs": {
    "urls": [
      "https://bugzilla.redhat.com/show_bug.cgi?id=2414790"
    ],
    "summaries": [
      "python-backrefs fails to build with Python 3.15: Missing unicode data for 17.0.0"
    ]
  },
  "python-beartype": {
    "urls": [],
    "summaries": []
  },
  "python-binary-manager": {
    "urls": [],
    "summaries": []
  },
  "python-blessed": {
    "urls": [
      "https://bugzilla.redhat.com/show_bug.cgi?id=2414791"
    ],
    "summaries": [
      "python-blessed fails to build with Python 3.15: Additional space in test_wrap.py::test_SequenceWrapper[1-kwargs5]"
    ]
  },
  "python-blivet": {
    "urls": [],
    "summaries": []
  },
  "python-botocore": {
    "urls": [
      "https://bugzilla.redhat.com/show_bug.cgi?id=2424584"
    ],
    "summaries": [
      "python-botocore fails to build with Python 3.15: AssertionError: At index 8 diff: b'\\x00' != b'\\x02'"
    ]
  },
  "python-bowler": {
    "urls": [],
    "summaries": []
  },
  "python-cairocffi": {
    "urls": [],
    "summaries": []
  },
  "python-chai": {
    "urls": [
      "https://bugzilla.redhat.com/show_bug.cgi?id=2424293"
    ],
    "summaries": [
      "python-chai fails to build with Python 3.15: chai.exception.UnsupportedStub: (\"can't stub %s\", <property object at 0x7fbbc41d1df0>)"
    ]
  },
  "python-cheroot": {
    "urls": [],
    "summaries": []
  },
  "python-coincurve": {
    "urls": [],
    "summaries": []
  },
  "python-colcon-core": {
    "urls": [
      "https://bugzilla.redhat.com/show_bug.cgi?id=2403563"
    ],
    "summaries": [
      "python-colcon-core: Fails to build with setuptools 80.9.0, fails to install [pins setuptools < 80, test_build_package fails]"
    ]
  },
  "python-dateutil": {
    "urls": [
      "https://bugzilla.redhat.com/show_bug.cgi?id=2423882"
    ],
    "summaries": [
      "python-dateutil fails to build with Python 3.15: test_tzlocal_local_time_trim_colon: AssertionError: assert tz.gettz() is not None"
    ]
  },
  "python-dbus-fast": {
    "urls": [],
    "summaries": []
  },
  "python-dbus-python-client-gen": {
    "urls": [],
    "summaries": []
  },
  "python-dbusmock": {
    "urls": [],
    "summaries": []
  },
  "python-dill": {
    "urls": [
      "https://bugzilla.redhat.com/show_bug.cgi?id=2414572"
    ],
    "summaries": [
      "python-dill fails to build with Python 3.15: AttributeError: type object 'object' has no attribute '__weakref__'"
    ]
  },
  "python-distlib": {
    "urls": [
      "https://bugzilla.redhat.com/show_bug.cgi?id=2423877"
    ],
    "summaries": [
      "python-distlib fails to build with Python 3.15: TypeError: cache_from_source() takes 1 positional argument but 2 were given"
    ]
  },
  "python-django-angular": {
    "urls": [],
    "summaries": []
  },
  "python-django-configurations": {
    "urls": [],
    "summaries": []
  },
  "python-django-ipware": {
    "urls": [],
    "summaries": []
  },
  "python-django-rules": {
    "urls": [],
    "summaries": []
  },
  "python-dtoc": {
    "urls": [],
    "summaries": []
  },
  "python-dunamai": {
    "urls": [],
    "summaries": []
  },
  "python-elementpath": {
    "urls": [],
    "summaries": []
  },
  "python-et_xmlfile": {
    "urls": [
      "https://bugzilla.redhat.com/show_bug.cgi?id=2424294"
    ],
    "summaries": [
      "python-et_xmlfile fails to build with Python 3.15: ElementTreeTest.test_iterparse: AssertionError: Lists differ: [<WarningMessage {message : ResourceWarnin[235 chars]ne}>] != []"
    ]
  },
  "python-eth-stdlib": {
    "urls": [
      "https://bugzilla.redhat.com/show_bug.cgi?id=2423875"
    ],
    "summaries": [
      "python-eth-stdlib fails to build in Copr: RPM build errors: error: Bad file: /builddir/build/SOURCES/python-eth-stdlib-0004-Fix-for-modern-poetry.patch: No such file or directory"
    ]
  },
  "python-exceptiongroup": {
    "urls": [
      "https://bugzilla.redhat.com/show_bug.cgi?id=2423878"
    ],
    "summaries": [
      "python-exceptiongroup fails to build with Python 3.15: assert \"BaseExceptionGroup('foo', [ValueError(1), KeyboardInterrupt()])\" == \"BaseExceptionGroup('foo', [ValueError(1), KeyboardInterrupt(), KeyError('bar')])\""
    ]
  },
  "python-exdir": {
    "urls": [
      "https://bugzilla.redhat.com/show_bug.cgi?id=2424591"
    ],
    "summaries": [
      "python-exdir fails to build with Python 3.15: TypeError: 'module'/'Plugin' object is not iterable"
    ]
  },
  "python-execnet": {
    "urls": [],
    "summaries": []
  },
  "python-fido2": {
    "urls": [
      "https://bugzilla.redhat.com/show_bug.cgi?id=2424579"
    ],
    "summaries": [
      "python-fido2 fails to build with Python 3.15: tests failures: AssertionError: 'TYPE.CREATE' != 'webauthn.create' and more"
    ]
  },
  "python-flask": {
    "urls": [],
    "summaries": []
  },
  "python-flask-oidc": {
    "urls": [
      "https://bugzilla.redhat.com/show_bug.cgi?id=2424320"
    ],
    "summaries": [
      "python-flask-oidc fails to build with Python 3.15: 'error_description': \"Missing 'Authorization' in headers.\"} != {'error_description': 'Missing \"Authorization\" in headers.'"
    ]
  },
  "python-fs": {
    "urls": [
      "https://bugzilla.redhat.com/show_bug.cgi?id=2424571"
    ],
    "summaries": [
      "python-fs fails to build with Python 3.15: AttributeError: 'DocTestCase' object has no attribute '_test_result'"
    ]
  },
  "python-giacpy": {
    "urls": [],
    "summaries": []
  },
  "python-google-auth": {
    "urls": [],
    "summaries": []
  },
  "python-gstreamer1": {
    "urls": [],
    "summaries": []
  },
  "python-gunicorn": {
    "urls": [],
    "summaries": []
  },
  "python-hiredis": {
    "urls": [],
    "summaries": []
  },
  "python-html5lib": {
    "urls": [],
    "summaries": []
  },
  "python-hypothesmith": {
    "urls": [],
    "summaries": []
  },
  "python-inkex": {
    "urls": [],
    "summaries": []
  },
  "python-intervaltree": {
    "urls": [],
    "summaries": []
  },
  "python-into-dbus-python": {
    "urls": [],
    "summaries": []
  },
  "python-iso8601": {
    "urls": [],
    "summaries": []
  },
  "python-jedi": {
    "urls": [
      "https://bugzilla.redhat.com/show_bug.cgi?id=2424301"
    ],
    "summaries": [
      "python-jedi fails to build with Python 3.15: multiple AssertionError in tests"
    ]
  },
  "python-kadmin": {
    "urls": [],
    "summaries": []
  },
  "python-kaptan": {
    "urls": [
      "https://bugzilla.redhat.com/show_bug.cgi?id=2423881"
    ],
    "summaries": [
      "python-kaptan fails to build with Python 3.15: AttributeError: 'SourceFileLoader' object has no attribute 'load_module'. Did you mean: 'exec_module'? in test_py_file_handler and test_py_file_away_handler"
    ]
  },
  "python-markdown-callouts": {
    "urls": [],
    "summaries": []
  },
  "python-matplotlib": {
    "urls": [],
    "summaries": []
  },
  "python-mirrors-countme": {
    "urls": [
      "https://bugzilla.redhat.com/show_bug.cgi?id=2424567"
    ],
    "summaries": [
      "python-mirrors-countme fails to build with Python 3.15: TypeError: NamedTuple() got an unexpected keyword argument 'INTEGER_NOT_NULL'"
    ]
  },
  "python-mkdocs-autorefs": {
    "urls": [],
    "summaries": []
  },
  "python-nltk": {
    "urls": [],
    "summaries": []
  },
  "python-oauthlib": {
    "urls": [],
    "summaries": []
  },
  "python-parameterized": {
    "urls": [],
    "summaries": []
  },
  "python-parver": {
    "urls": [],
    "summaries": []
  },
  "python-path-and-address": {
    "urls": [],
    "summaries": []
  },
  "python-pdir2": {
    "urls": [
      "https://bugzilla.redhat.com/show_bug.cgi?id=2423880"
    ],
    "summaries": [
      "python-pdir2 fails to build with Python 3.15: AssertionError in test_pdir_module"
    ]
  },
  "python-pdm-pep517": {
    "urls": [],
    "summaries": []
  },
  "python-pipdeptree": {
    "urls": [
      "https://bugzilla.redhat.com/show_bug.cgi?id=2414803"
    ],
    "summaries": [
      "python-pipdeptree fails to build with Python 3.15: tests/test_discovery.py::test_invalid_metadata - TypeError: argument of type 'NoneType' is not a container or iterable"
    ]
  },
  "python-psycopg2": {
    "urls": [
      "https://bugzilla.redhat.com/show_bug.cgi?id=2414801"
    ],
    "summaries": [
      "python-psycopg2 fails to build with Python 3.15: error: implicit declaration of function \u2018PyWeakref_GetObject\u2019; did you mean \u2018PyWeakref_GetRef\u2019?"
    ]
  },
  "python-pure-eval": {
    "urls": [
      "https://bugzilla.redhat.com/show_bug.cgi?id=2414805"
    ],
    "summaries": [
      "python-pure-eval fails to build with Python 3.15: pure_eval.utils.CannotEval: CannotEval in 11 tests"
    ]
  },
  "python-pycountry": {
    "urls": [],
    "summaries": []
  },
  "python-pygments": {
    "urls": [
      "https://bugzilla.redhat.com/show_bug.cgi?id=2423874"
    ],
    "summaries": [
      "python-pygments: FTBFS in Fedora Rawhide: AssertionError: Example file /builddir/build/BUILD/python-pygments-2.19.1-build/BUILDROOT/usr/lib/python3.14/site-packages/tests/examplefiles/tcshcon/session not found"
    ]
  },
  "python-pygtkspellcheck": {
    "urls": [],
    "summaries": []
  },
  "python-pymemcache": {
    "urls": [],
    "summaries": []
  },
  "python-pyqt6": {
    "urls": [],
    "summaries": []
  },
  "python-pytest-django": {
    "urls": [
      "https://bugzilla.redhat.com/show_bug.cgi?id=2424593"
    ],
    "summaries": [
      "python-pytest-django fails to build with Python 3.15: AttributeError: 'ConfigurationLoader' object has no attribute 'exec_module'. Did you mean: 'load_module'?"
    ]
  },
  "python-pytest-freezegun": {
    "urls": [],
    "summaries": []
  },
  "python-pytest-tldr": {
    "urls": [
      "https://bugzilla.redhat.com/show_bug.cgi?id=2423890"
    ],
    "summaries": [
      "python-pytest-tldr fails to build with Python 3.15: tests/test_plugins.py::test_coverage: remains unmatched: '*----- coverage: platform *-----'"
    ]
  },
  "python-pytest-trio": {
    "urls": [],
    "summaries": []
  },
  "python-qt5": {
    "urls": [],
    "summaries": []
  },
  "python-questionary": {
    "urls": [
      "https://bugzilla.redhat.com/show_bug.cgi?id=2424586"
    ],
    "summaries": [
      "python-questionary fails to build with Python 3.15: AttributeError: 'VSplit' object has no attribute 'content'. Did you mean: 'window_too_small.content'"
    ]
  },
  "python-ratelimitingfilter": {
    "urls": [],
    "summaries": []
  },
  "python-reactivex": {
    "urls": [],
    "summaries": []
  },
  "python-readme-renderer": {
    "urls": [
      "https://bugzilla.redhat.com/show_bug.cgi?id=2424573"
    ],
    "summaries": [
      "python-readme-renderer fails to build with Python 3.15: test_cli_package: No content rendered from RST source."
    ]
  },
  "python-reportlab": {
    "urls": [],
    "summaries": []
  },
  "python-result": {
    "urls": [],
    "summaries": []
  },
  "python-rpmautospec-koji": {
    "urls": [],
    "summaries": []
  },
  "python-rstr": {
    "urls": [
      "https://bugzilla.redhat.com/show_bug.cgi?id=2414567"
    ],
    "summaries": [
      "python-rstr fails to build with Python 3.15: 3 errors when collecting tests: ModuleNotFoundError: No module named 'sre_parse'"
    ]
  },
  "python-snakemake-interface-executor-plugins": {
    "urls": [],
    "summaries": []
  },
  "python-snakemake-interface-report-plugins": {
    "urls": [],
    "summaries": []
  },
  "python-snakemake-interface-storage-plugins": {
    "urls": [],
    "summaries": []
  },
  "python-soupsieve": {
    "urls": [],
    "summaries": []
  },
  "python-sphinx-design": {
    "urls": [],
    "summaries": []
  },
  "python-sphinx-inline-tabs": {
    "urls": [],
    "summaries": []
  },
  "python-sphinx-jsonschema": {
    "urls": [],
    "summaries": []
  },
  "python-stdlibs": {
    "urls": [
      "https://bugzilla.redhat.com/show_bug.cgi?id=2417018"
    ],
    "summaries": [
      "python-stdlibs fails to build with Python 3.15: test_sys_stdlib_modules_agrees: AssertionError: Items in the second set but not the first: '_math_integer'"
    ]
  },
  "python-supersmoother": {
    "urls": [],
    "summaries": []
  },
  "python-system-calls": {
    "urls": [],
    "summaries": []
  },
  "python-tabulate": {
    "urls": [],
    "summaries": []
  },
  "python-time-machine": {
    "urls": [
      "https://bugzilla.redhat.com/show_bug.cgi?id=2424589"
    ],
    "summaries": [
      "python-time-machine fails to build with Python 3.15: AssertionError: assert 2025 == 1970"
    ]
  },
  "python-tornado": {
    "urls": [
      "https://bugzilla.redhat.com/show_bug.cgi?id=2414557"
    ],
    "summaries": [
      "python-tornado fails to build with Python 3.15: ERROR: test_multi_process"
    ]
  },
  "python-translitcodec": {
    "urls": [
      "https://bugzilla.redhat.com/show_bug.cgi?id=2414561"
    ],
    "summaries": [
      "python-translitcodec fails to build with Python 3.15: 8 tests failing with LookupError: unknown encoding: translit/*"
    ]
  },
  "python-typeguard": {
    "urls": [
      "https://bugzilla.redhat.com/show_bug.cgi?id=2423892"
    ],
    "summaries": [
      "python-typeguard fails to build with Python 3.15: TypeError: cache_from_source() takes 1 positional argument but 2 positional arguments (and 1 keyword-only argument) were given"
    ]
  },
  "python-typing-extensions": {
    "urls": [
      "https://bugzilla.redhat.com/show_bug.cgi?id=2416981"
    ],
    "summaries": [
      "python-typing-extensions fails to build with Python 3.15: no_type_check_decorator no longer exists in typing"
    ]
  },
  "python-uharfbuzz": {
    "urls": [
      "https://bugzilla.redhat.com/show_bug.cgi?id=2417022"
    ],
    "summaries": [
      "python-uharfbuzz fails to build with Python 3.15: test_uharfbuzz_version: AssertionError: assert 'unknown' not in '0.0.0+unknown'"
    ]
  },
  "python-utils": {
    "urls": [
      "https://bugzilla.redhat.com/show_bug.cgi?id=2424562"
    ],
    "summaries": [
      "python-utils fails to build with Python 3.15: AttributeError: module 'typing_extensions' has no attribute 'no_type_check_decorator'"
    ]
  },
  "python-valkey": {
    "urls": [],
    "summaries": []
  },
  "python-x2go": {
    "urls": [],
    "summaries": []
  },
  "python-xmlschema": {
    "urls": [],
    "summaries": []
  },
  "python-zict": {
    "urls": [],
    "summaries": []
  },
  "python-zlib-ng": {
    "urls": [],
    "summaries": []
  },
  "quodlibet": {
    "urls": [],
    "summaries": []
  },
  "recoll": {
    "urls": [],
    "summaries": []
  },
  "renderdoc": {
    "urls": [
      "https://bugzilla.redhat.com/show_bug.cgi?id=2414559"
    ],
    "summaries": [
      "renderdoc fails to build with Python 3.15: qrenderdoc_python.cxx:2296:13: error: \u2018PyWeakref_GET_OBJECT\u2019 was not declared in this scope"
    ]
  },
  "retis": {
    "urls": [],
    "summaries": []
  },
  "root": {
    "urls": [],
    "summaries": []
  },
  "rpmlint": {
    "urls": [
      "https://bugzilla.redhat.com/show_bug.cgi?id=2424585"
    ],
    "summaries": [
      "rpmlint fails to build with Python 3.15: AttributeError: 'NoneType' object has no attribute 'get_all'"
    ]
  },
  "ruff": {
    "urls": [],
    "summaries": []
  },
  "scipy": {
    "urls": [
      "https://bugzilla.redhat.com/show_bug.cgi?id=2424321"
    ],
    "summaries": [
      "scipy fails to build with Python 3.15: AssertionError: Not equal to tolerance rtol=0.03125, atol=0"
    ]
  },
  "snapm": {
    "urls": [],
    "summaries": []
  },
  "stratis-cli": {
    "urls": [],
    "summaries": []
  },
  "systemtap": {
    "urls": [],
    "summaries": []
  },
  "trademgen": {
    "urls": [],
    "summaries": []
  },
  "tuned": {
    "urls": [],
    "summaries": []
  },
  "variety": {
    "urls": [],
    "summaries": []
  },
  "waf": {
    "urls": [
      "https://bugzilla.redhat.com/show_bug.cgi?id=2424309"
    ],
    "summaries": [
      "waf fails to build with Python 3.15: AttributeError: 'SourceFileLoader' object has no attribute 'load_module'. Did you mean: 'exec_module'?"
    ]
  },
  "xapian-bindings": {
    "urls": [
      "https://bugzilla.redhat.com/show_bug.cgi?id=2417021"
    ],
    "summaries": [
      "xapian-bindings fails to build with Python 3.15: Fatal Python error: PyMutex_Unlock: unlocking mutex that is not locked"
    ]
  },
  "xcat": {
    "urls": [],
    "summaries": []
  },
  "zbar": {
    "urls": [],
    "summaries": []
  }
}